2018-01-11 14:50:53 [restartedMain] INFO  com.jit.imhi.ImhiApplication : 
 Starting ImhiApplication on star-PC with PID 14948 (/home/star/IdeaProjects/imhi/target/classes started by star in /home/star/IdeaProjects/imhi) 
2018-01-11 14:50:53 [restartedMain] DEBUG com.jit.imhi.ImhiApplication : 
 Running with Spring Boot v1.5.9.RELEASE, Spring v4.3.13.RELEASE 
2018-01-11 14:50:53 [restartedMain] INFO  com.jit.imhi.ImhiApplication : 
 No active profile set, falling back to default profiles: default 
2018-01-11 14:50:57 [restartedMain] INFO  com.jit.imhi.ImhiApplication : 
 Started ImhiApplication in 4.343 seconds (JVM running for 5.404) 
2018-01-11 15:30:54 [restartedMain] INFO  com.jit.imhi.ImhiApplication : 
 Starting ImhiApplication on star-PC with PID 15941 (/home/star/IdeaProjects/imhi/target/classes started by star in /home/star/IdeaProjects/imhi) 
2018-01-11 15:30:54 [restartedMain] DEBUG com.jit.imhi.ImhiApplication : 
 Running with Spring Boot v1.5.9.RELEASE, Spring v4.3.13.RELEASE 
2018-01-11 15:30:54 [restartedMain] INFO  com.jit.imhi.ImhiApplication : 
 No active profile set, falling back to default profiles: default 
2018-01-11 15:30:57 [restartedMain] INFO  com.jit.imhi.ImhiApplication : 
 Started ImhiApplication in 4.012 seconds (JVM running for 4.952) 
2018-01-11 15:31:35 [http-nio-8080-exec-2] DEBUG c.j.i.m.UserMapper.selectByPhoneNum : 
 ==>  Preparing: select user_id, phone_num, nikname, head_url, age, gender, birth, user_password, motto from user where phone_num = ?  
2018-01-11 15:31:35 [http-nio-8080-exec-2] DEBUG c.j.i.m.UserMapper.selectByPhoneNum : 
 ==> Parameters: 13260907777(String) 
2018-01-11 15:31:35 [http-nio-8080-exec-2] DEBUG c.j.i.m.UserMapper.selectByPhoneNum : 
 <==      Total: 0 
2018-01-11 15:31:35 [http-nio-8080-exec-2] DEBUG c.jit.imhi.mapper.UserMapper.insert : 
 ==>  Preparing: insert into user (user_id, phone_num, nikname, head_url, age, gender, birth, user_password, motto) values (?, ?, ?, ?, ?, ?, ?, ?, ?)  
2018-01-11 15:31:35 [http-nio-8080-exec-2] DEBUG c.jit.imhi.mapper.UserMapper.insert : 
 ==> Parameters: null, 13260907777(String), null, null, null, null, null, 8693a0881a7d30f96e385dc96937fa05(String), null 
2018-01-11 15:31:35 [http-nio-8080-exec-2] DEBUG c.jit.imhi.mapper.UserMapper.insert : 
 <==    Updates: 1 
2018-01-11 15:31:35 [http-nio-8080-exec-2] DEBUG c.j.i.m.UserMapper.selectByPhoneNum : 
 ==>  Preparing: select user_id, phone_num, nikname, head_url, age, gender, birth, user_password, motto from user where phone_num = ?  
2018-01-11 15:31:35 [http-nio-8080-exec-2] DEBUG c.j.i.m.UserMapper.selectByPhoneNum : 
 ==> Parameters: 13260907777(String) 
2018-01-11 15:31:35 [http-nio-8080-exec-2] DEBUG c.j.i.m.UserMapper.selectByPhoneNum : 
 <==      Total: 1 
2018-01-11 15:43:32 [restartedMain] INFO  com.jit.imhi.ImhiApplication : 
 Starting ImhiApplication on star-PC with PID 16608 (/home/star/IdeaProjects/imhi/target/classes started by star in /home/star/IdeaProjects/imhi) 
2018-01-11 15:43:32 [restartedMain] DEBUG com.jit.imhi.ImhiApplication : 
 Running with Spring Boot v1.5.9.RELEASE, Spring v4.3.13.RELEASE 
2018-01-11 15:43:32 [restartedMain] INFO  com.jit.imhi.ImhiApplication : 
 No active profile set, falling back to default profiles: default 
2018-01-11 15:43:36 [restartedMain] INFO  com.jit.imhi.ImhiApplication : 
 Started ImhiApplication in 4.167 seconds (JVM running for 5.04) 
2018-01-11 15:43:51 [http-nio-8080-exec-1] DEBUG c.j.i.m.UserMapper.selectByPhoneNum : 
 ==>  Preparing: select user_id, phone_num, nikname, head_url, age, gender, birth, user_password, motto from user where phone_num = ?  
2018-01-11 15:43:51 [http-nio-8080-exec-1] DEBUG c.j.i.m.UserMapper.selectByPhoneNum : 
 ==> Parameters: test(String) 
2018-01-11 15:43:51 [http-nio-8080-exec-1] DEBUG c.j.i.m.UserMapper.selectByPhoneNum : 
 <==      Total: 0 
2018-01-11 15:44:06 [restartedMain] INFO  com.jit.imhi.ImhiApplication : 
 Starting ImhiApplication on star-PC with PID 16761 (/home/star/IdeaProjects/imhi/target/classes started by star in /home/star/IdeaProjects/imhi) 
2018-01-11 15:44:06 [restartedMain] DEBUG com.jit.imhi.ImhiApplication : 
 Running with Spring Boot v1.5.9.RELEASE, Spring v4.3.13.RELEASE 
2018-01-11 15:44:06 [restartedMain] INFO  com.jit.imhi.ImhiApplication : 
 No active profile set, falling back to default profiles: default 
2018-01-11 15:44:10 [restartedMain] INFO  com.jit.imhi.ImhiApplication : 
 Started ImhiApplication in 4.267 seconds (JVM running for 5.134) 
2018-01-11 15:44:23 [http-nio-8080-exec-3] ERROR c.j.i.config.GloablExceptionHandler : 
 java.lang.ArithmeticException: / by zero
	at com.jit.imhi.api.UserApi.test(UserApi.java:87)
	at sun.reflect.NativeMethodAccessorImpl.invoke0(Native Method)
	at sun.reflect.NativeMethodAccessorImpl.invoke(NativeMethodAccessorImpl.java:62)
	at sun.reflect.DelegatingMethodAccessorImpl.invoke(DelegatingMethodAccessorImpl.java:43)
	at java.lang.reflect.Method.invoke(Method.java:498)
	at org.springframework.web.method.support.InvocableHandlerMethod.doInvoke(InvocableHandlerMethod.java:205)
	at org.springframework.web.method.support.InvocableHandlerMethod.invokeForRequest(InvocableHandlerMethod.java:133)
	at org.springframework.web.servlet.mvc.method.annotation.ServletInvocableHandlerMethod.invokeAndHandle(ServletInvocableHandlerMethod.java:97)
	at org.springframework.web.servlet.mvc.method.annotation.RequestMappingHandlerAdapter.invokeHandlerMethod(RequestMappingHandlerAdapter.java:827)
	at org.springframework.web.servlet.mvc.method.annotation.RequestMappingHandlerAdapter.handleInternal(RequestMappingHandlerAdapter.java:738)
	at org.springframework.web.servlet.mvc.method.AbstractHandlerMethodAdapter.handle(AbstractHandlerMethodAdapter.java:85)
	at org.springframework.web.servlet.DispatcherServlet.doDispatch(DispatcherServlet.java:967)
	at org.springframework.web.servlet.DispatcherServlet.doService(DispatcherServlet.java:901)
	at org.springframework.web.servlet.FrameworkServlet.processRequest(FrameworkServlet.java:970)
	at org.springframework.web.servlet.FrameworkServlet.doGet(FrameworkServlet.java:861)
	at javax.servlet.http.HttpServlet.service(HttpServlet.java:635)
	at org.springframework.web.servlet.FrameworkServlet.service(FrameworkServlet.java:846)
	at javax.servlet.http.HttpServlet.service(HttpServlet.java:742)
	at org.apache.catalina.core.ApplicationFilterChain.internalDoFilter(ApplicationFilterChain.java:231)
	at org.apache.catalina.core.ApplicationFilterChain.doFilter(ApplicationFilterChain.java:166)
	at org.apache.tomcat.websocket.server.WsFilter.doFilter(WsFilter.java:52)
	at org.apache.catalina.core.ApplicationFilterChain.internalDoFilter(ApplicationFilterChain.java:193)
	at org.apache.catalina.core.ApplicationFilterChain.doFilter(ApplicationFilterChain.java:166)
	at org.springframework.web.filter.RequestContextFilter.doFilterInternal(RequestContextFilter.java:99)
	at org.springframework.web.filter.OncePerRequestFilter.doFilter(OncePerRequestFilter.java:107)
	at org.apache.catalina.core.ApplicationFilterChain.internalDoFilter(ApplicationFilterChain.java:193)
	at org.apache.catalina.core.ApplicationFilterChain.doFilter(ApplicationFilterChain.java:166)
	at org.springframework.web.filter.HttpPutFormContentFilter.doFilterInternal(HttpPutFormContentFilter.java:108)
	at org.springframework.web.filter.OncePerRequestFilter.doFilter(OncePerRequestFilter.java:107)
	at org.apache.catalina.core.ApplicationFilterChain.internalDoFilter(ApplicationFilterChain.java:193)
	at org.apache.catalina.core.ApplicationFilterChain.doFilter(ApplicationFilterChain.java:166)
	at org.springframework.web.filter.HiddenHttpMethodFilter.doFilterInternal(HiddenHttpMethodFilter.java:81)
	at org.springframework.web.filter.OncePerRequestFilter.doFilter(OncePerRequestFilter.java:107)
	at org.apache.catalina.core.ApplicationFilterChain.internalDoFilter(ApplicationFilterChain.java:193)
	at org.apache.catalina.core.ApplicationFilterChain.doFilter(ApplicationFilterChain.java:166)
	at org.springframework.web.filter.CharacterEncodingFilter.doFilterInternal(CharacterEncodingFilter.java:197)
	at org.springframework.web.filter.OncePerRequestFilter.doFilter(OncePerRequestFilter.java:107)
	at org.apache.catalina.core.ApplicationFilterChain.internalDoFilter(ApplicationFilterChain.java:193)
	at org.apache.catalina.core.ApplicationFilterChain.doFilter(ApplicationFilterChain.java:166)
	at org.apache.catalina.core.StandardWrapperValve.invoke(StandardWrapperValve.java:199)
	at org.apache.catalina.core.StandardContextValve.invoke(StandardContextValve.java:96)
	at org.apache.catalina.authenticator.AuthenticatorBase.invoke(AuthenticatorBase.java:478)
	at org.apache.catalina.core.StandardHostValve.invoke(StandardHostValve.java:140)
	at org.apache.catalina.valves.ErrorReportValve.invoke(ErrorReportValve.java:81)
	at org.apache.catalina.core.StandardEngineValve.invoke(StandardEngineValve.java:87)
	at org.apache.catalina.connector.CoyoteAdapter.service(CoyoteAdapter.java:342)
	at org.apache.coyote.http11.Http11Processor.service(Http11Processor.java:803)
	at org.apache.coyote.AbstractProcessorLight.process(AbstractProcessorLight.java:66)
	at org.apache.coyote.AbstractProtocol$ConnectionHandler.process(AbstractProtocol.java:868)
	at org.apache.tomcat.util.net.NioEndpoint$SocketProcessor.doRun(NioEndpoint.java:1459)
	at org.apache.tomcat.util.net.SocketProcessorBase.run(SocketProcessorBase.java:49)
	at java.util.concurrent.ThreadPoolExecutor.runWorker(ThreadPoolExecutor.java:1149)
	at java.util.concurrent.ThreadPoolExecutor$Worker.run(ThreadPoolExecutor.java:624)
	at org.apache.tomcat.util.threads.TaskThread$WrappingRunnable.run(TaskThread.java:61)
	at java.lang.Thread.run(Thread.java:748)
 
