2018-01-20 01:02:57 [restartedMain] INFO  com.jit.imhi.ImhiApplication : 
 Starting ImhiApplication on star-PC with PID 9468 (/home/star/IdeaProjects/imhi/target/classes started by star in /home/star/IdeaProjects/imhi) 
2018-01-20 01:02:57 [restartedMain] DEBUG com.jit.imhi.ImhiApplication : 
 Running with Spring Boot v1.5.9.RELEASE, Spring v4.3.13.RELEASE 
2018-01-20 01:02:57 [restartedMain] INFO  com.jit.imhi.ImhiApplication : 
 No active profile set, falling back to default profiles: default 
2018-01-20 01:03:06 [restartedMain] INFO  com.jit.imhi.ImhiApplication : 
 Started ImhiApplication in 11.481 seconds (JVM running for 13.779) 
2018-01-20 01:10:11 [restartedMain] INFO  com.jit.imhi.ImhiApplication : 
 Starting ImhiApplication on star-PC with PID 9903 (/home/star/IdeaProjects/imhi/target/classes started by star in /home/star/IdeaProjects/imhi) 
2018-01-20 01:10:11 [restartedMain] DEBUG com.jit.imhi.ImhiApplication : 
 Running with Spring Boot v1.5.9.RELEASE, Spring v4.3.13.RELEASE 
2018-01-20 01:10:11 [restartedMain] INFO  com.jit.imhi.ImhiApplication : 
 No active profile set, falling back to default profiles: default 
2018-01-20 01:10:15 [restartedMain] INFO  com.jit.imhi.ImhiApplication : 
 Started ImhiApplication in 4.96 seconds (JVM running for 6.066) 
2018-01-20 01:11:46 [restartedMain] INFO  com.jit.imhi.ImhiApplication : 
 Starting ImhiApplication on star-PC with PID 10054 (/home/star/IdeaProjects/imhi/target/classes started by star in /home/star/IdeaProjects/imhi) 
2018-01-20 01:11:46 [restartedMain] DEBUG com.jit.imhi.ImhiApplication : 
 Running with Spring Boot v1.5.9.RELEASE, Spring v4.3.13.RELEASE 
2018-01-20 01:11:46 [restartedMain] INFO  com.jit.imhi.ImhiApplication : 
 No active profile set, falling back to default profiles: default 
2018-01-20 01:11:58 [restartedMain] INFO  com.jit.imhi.ImhiApplication : 
 Starting ImhiApplication on star-PC with PID 10120 (/home/star/IdeaProjects/imhi/target/classes started by star in /home/star/IdeaProjects/imhi) 
2018-01-20 01:11:58 [restartedMain] DEBUG com.jit.imhi.ImhiApplication : 
 Running with Spring Boot v1.5.9.RELEASE, Spring v4.3.13.RELEASE 
2018-01-20 01:11:58 [restartedMain] INFO  com.jit.imhi.ImhiApplication : 
 No active profile set, falling back to default profiles: default 
2018-01-20 01:12:03 [restartedMain] INFO  com.jit.imhi.ImhiApplication : 
 Started ImhiApplication in 5.244 seconds (JVM running for 6.122) 
2018-01-20 01:13:34 [restartedMain] INFO  com.jit.imhi.ImhiApplication : 
 Starting ImhiApplication on star-PC with PID 10262 (/home/star/IdeaProjects/imhi/target/classes started by star in /home/star/IdeaProjects/imhi) 
2018-01-20 01:13:34 [restartedMain] DEBUG com.jit.imhi.ImhiApplication : 
 Running with Spring Boot v1.5.9.RELEASE, Spring v4.3.13.RELEASE 
2018-01-20 01:13:34 [restartedMain] INFO  com.jit.imhi.ImhiApplication : 
 No active profile set, falling back to default profiles: default 
2018-01-20 01:13:39 [restartedMain] INFO  com.jit.imhi.ImhiApplication : 
 Started ImhiApplication in 4.994 seconds (JVM running for 6.143) 
2018-01-20 01:19:56 [restartedMain] INFO  com.jit.imhi.ImhiApplication : 
 Starting ImhiApplication on star-PC with PID 10556 (/home/star/IdeaProjects/imhi/target/classes started by star in /home/star/IdeaProjects/imhi) 
2018-01-20 01:19:56 [restartedMain] DEBUG com.jit.imhi.ImhiApplication : 
 Running with Spring Boot v1.5.9.RELEASE, Spring v4.3.13.RELEASE 
2018-01-20 01:19:56 [restartedMain] INFO  com.jit.imhi.ImhiApplication : 
 No active profile set, falling back to default profiles: default 
2018-01-20 01:20:00 [restartedMain] INFO  com.jit.imhi.ImhiApplication : 
 Started ImhiApplication in 4.917 seconds (JVM running for 6.015) 
2018-01-20 08:52:27 [restartedMain] INFO  com.jit.imhi.ImhiApplication : 
 Starting ImhiApplication on star-PC with PID 3045 (/home/star/IdeaProjects/imhi/target/classes started by star in /home/star/IdeaProjects/imhi) 
2018-01-20 08:52:27 [restartedMain] DEBUG com.jit.imhi.ImhiApplication : 
 Running with Spring Boot v1.5.9.RELEASE, Spring v4.3.13.RELEASE 
2018-01-20 08:52:27 [restartedMain] INFO  com.jit.imhi.ImhiApplication : 
 No active profile set, falling back to default profiles: default 
2018-01-20 08:52:31 [restartedMain] INFO  com.jit.imhi.ImhiApplication : 
 Started ImhiApplication in 5.178 seconds (JVM running for 6.518) 
2018-01-20 08:57:59 [restartedMain] INFO  com.jit.imhi.ImhiApplication : 
 Starting ImhiApplication on star-PC with PID 3644 (/home/star/IdeaProjects/imhi/target/classes started by star in /home/star/IdeaProjects/imhi) 
2018-01-20 08:57:59 [restartedMain] DEBUG com.jit.imhi.ImhiApplication : 
 Running with Spring Boot v1.5.9.RELEASE, Spring v4.3.13.RELEASE 
2018-01-20 08:57:59 [restartedMain] INFO  com.jit.imhi.ImhiApplication : 
 No active profile set, falling back to default profiles: default 
2018-01-20 08:58:03 [restartedMain] INFO  com.jit.imhi.ImhiApplication : 
 Started ImhiApplication in 4.614 seconds (JVM running for 5.55) 
2018-01-20 09:01:11 [restartedMain] INFO  com.jit.imhi.ImhiApplication : 
 Starting ImhiApplication on star-PC with PID 3876 (/home/star/IdeaProjects/imhi/target/classes started by star in /home/star/IdeaProjects/imhi) 
2018-01-20 09:01:11 [restartedMain] DEBUG com.jit.imhi.ImhiApplication : 
 Running with Spring Boot v1.5.9.RELEASE, Spring v4.3.13.RELEASE 
2018-01-20 09:01:11 [restartedMain] INFO  com.jit.imhi.ImhiApplication : 
 No active profile set, falling back to default profiles: default 
2018-01-20 09:01:15 [restartedMain] INFO  com.jit.imhi.ImhiApplication : 
 Started ImhiApplication in 5.041 seconds (JVM running for 5.933) 
2018-01-20 09:03:34 [http-nio-8080-exec-7] ERROR c.j.i.config.GloablExceptionHandler : 
 java.lang.NullPointerException
	at com.jit.imhi.service.SendSMSService.authonCode(SendSMSService.java:140)
	at com.jit.imhi.api.UserApi.handleForget(UserApi.java:255)
	at sun.reflect.NativeMethodAccessorImpl.invoke0(Native Method)
	at sun.reflect.NativeMethodAccessorImpl.invoke(NativeMethodAccessorImpl.java:62)
	at sun.reflect.DelegatingMethodAccessorImpl.invoke(DelegatingMethodAccessorImpl.java:43)
	at java.lang.reflect.Method.invoke(Method.java:498)
	at org.springframework.web.method.support.InvocableHandlerMethod.doInvoke(InvocableHandlerMethod.java:205)
	at org.springframework.web.method.support.InvocableHandlerMethod.invokeForRequest(InvocableHandlerMethod.java:133)
	at org.springframework.web.servlet.mvc.method.annotation.ServletInvocableHandlerMethod.invokeAndHandle(ServletInvocableHandlerMethod.java:97)
	at org.springframework.web.servlet.mvc.method.annotation.RequestMappingHandlerAdapter.invokeHandlerMethod(RequestMappingHandlerAdapter.java:827)
	at org.springframework.web.servlet.mvc.method.annotation.RequestMappingHandlerAdapter.handleInternal(RequestMappingHandlerAdapter.java:738)
	at org.springframework.web.servlet.mvc.method.AbstractHandlerMethodAdapter.handle(AbstractHandlerMethodAdapter.java:85)
	at org.springframework.web.servlet.DispatcherServlet.doDispatch(DispatcherServlet.java:967)
	at org.springframework.web.servlet.DispatcherServlet.doService(DispatcherServlet.java:901)
	at org.springframework.web.servlet.FrameworkServlet.processRequest(FrameworkServlet.java:970)
	at org.springframework.web.servlet.FrameworkServlet.doGet(FrameworkServlet.java:861)
	at javax.servlet.http.HttpServlet.service(HttpServlet.java:635)
	at org.springframework.web.servlet.FrameworkServlet.service(FrameworkServlet.java:846)
	at javax.servlet.http.HttpServlet.service(HttpServlet.java:742)
	at org.apache.catalina.core.ApplicationFilterChain.internalDoFilter(ApplicationFilterChain.java:231)
	at org.apache.catalina.core.ApplicationFilterChain.doFilter(ApplicationFilterChain.java:166)
	at org.apache.tomcat.websocket.server.WsFilter.doFilter(WsFilter.java:52)
	at org.apache.catalina.core.ApplicationFilterChain.internalDoFilter(ApplicationFilterChain.java:193)
	at org.apache.catalina.core.ApplicationFilterChain.doFilter(ApplicationFilterChain.java:166)
	at org.springframework.web.filter.RequestContextFilter.doFilterInternal(RequestContextFilter.java:99)
	at org.springframework.web.filter.OncePerRequestFilter.doFilter(OncePerRequestFilter.java:107)
	at org.apache.catalina.core.ApplicationFilterChain.internalDoFilter(ApplicationFilterChain.java:193)
	at org.apache.catalina.core.ApplicationFilterChain.doFilter(ApplicationFilterChain.java:166)
	at org.springframework.web.filter.HttpPutFormContentFilter.doFilterInternal(HttpPutFormContentFilter.java:108)
	at org.springframework.web.filter.OncePerRequestFilter.doFilter(OncePerRequestFilter.java:107)
	at org.apache.catalina.core.ApplicationFilterChain.internalDoFilter(ApplicationFilterChain.java:193)
	at org.apache.catalina.core.ApplicationFilterChain.doFilter(ApplicationFilterChain.java:166)
	at org.springframework.web.filter.HiddenHttpMethodFilter.doFilterInternal(HiddenHttpMethodFilter.java:81)
	at org.springframework.web.filter.OncePerRequestFilter.doFilter(OncePerRequestFilter.java:107)
	at org.apache.catalina.core.ApplicationFilterChain.internalDoFilter(ApplicationFilterChain.java:193)
	at org.apache.catalina.core.ApplicationFilterChain.doFilter(ApplicationFilterChain.java:166)
	at org.springframework.web.filter.CharacterEncodingFilter.doFilterInternal(CharacterEncodingFilter.java:197)
	at org.springframework.web.filter.OncePerRequestFilter.doFilter(OncePerRequestFilter.java:107)
	at org.apache.catalina.core.ApplicationFilterChain.internalDoFilter(ApplicationFilterChain.java:193)
	at org.apache.catalina.core.ApplicationFilterChain.doFilter(ApplicationFilterChain.java:166)
	at org.apache.catalina.core.StandardWrapperValve.invoke(StandardWrapperValve.java:199)
	at org.apache.catalina.core.StandardContextValve.invoke(StandardContextValve.java:96)
	at org.apache.catalina.authenticator.AuthenticatorBase.invoke(AuthenticatorBase.java:478)
	at org.apache.catalina.core.StandardHostValve.invoke(StandardHostValve.java:140)
	at org.apache.catalina.valves.ErrorReportValve.invoke(ErrorReportValve.java:81)
	at org.apache.catalina.core.StandardEngineValve.invoke(StandardEngineValve.java:87)
	at org.apache.catalina.connector.CoyoteAdapter.service(CoyoteAdapter.java:342)
	at org.apache.coyote.http11.Http11Processor.service(Http11Processor.java:803)
	at org.apache.coyote.AbstractProcessorLight.process(AbstractProcessorLight.java:66)
	at org.apache.coyote.AbstractProtocol$ConnectionHandler.process(AbstractProtocol.java:868)
	at org.apache.tomcat.util.net.NioEndpoint$SocketProcessor.doRun(NioEndpoint.java:1459)
	at org.apache.tomcat.util.net.SocketProcessorBase.run(SocketProcessorBase.java:49)
	at java.util.concurrent.ThreadPoolExecutor.runWorker(ThreadPoolExecutor.java:1149)
	at java.util.concurrent.ThreadPoolExecutor$Worker.run(ThreadPoolExecutor.java:624)
	at org.apache.tomcat.util.threads.TaskThread$WrappingRunnable.run(TaskThread.java:61)
	at java.lang.Thread.run(Thread.java:748)
 
2018-01-20 09:04:27 [restartedMain] INFO  com.jit.imhi.ImhiApplication : 
 Starting ImhiApplication on star-PC with PID 4112 (/home/star/IdeaProjects/imhi/target/classes started by star in /home/star/IdeaProjects/imhi) 
2018-01-20 09:04:27 [restartedMain] DEBUG com.jit.imhi.ImhiApplication : 
 Running with Spring Boot v1.5.9.RELEASE, Spring v4.3.13.RELEASE 
2018-01-20 09:04:27 [restartedMain] INFO  com.jit.imhi.ImhiApplication : 
 No active profile set, falling back to default profiles: default 
2018-01-20 09:04:31 [restartedMain] INFO  com.jit.imhi.ImhiApplication : 
 Started ImhiApplication in 4.681 seconds (JVM running for 5.635) 
2018-01-20 09:06:25 [http-nio-8080-exec-5] DEBUG c.j.i.m.UserMapper.selectByPhoneNum : 
 ==>  Preparing: select user_id, phone_num, nikname, head_url, age, gender, birth, user_password, motto from user where phone_num = ?  
2018-01-20 09:06:25 [http-nio-8080-exec-5] DEBUG c.j.i.m.UserMapper.selectByPhoneNum : 
 ==> Parameters: 18020536089(String) 
2018-01-20 09:06:25 [http-nio-8080-exec-5] DEBUG c.j.i.m.UserMapper.selectByPhoneNum : 
 <==      Total: 1 
2018-01-20 09:06:25 [http-nio-8080-exec-5] DEBUG c.j.i.m.U.updateByPrimaryKey : 
 ==>  Preparing: update user set phone_num = ?, nikname = ?, head_url = ?, age = ?, gender = ?, birth = ?, user_password = ?, motto = ? where user_id = ?  
2018-01-20 09:06:25 [http-nio-8080-exec-5] DEBUG c.j.i.m.U.updateByPrimaryKey : 
 ==> Parameters: 18020536089(String), liuyunxing(String), test(String), 18(Integer), 女(String), 2018-01-01(Date), 57de9b03250aec8c6dfb4a27968cc920(String), 这个人很懒，什么都没有留下(String), 10000(Integer) 
2018-01-20 09:06:25 [http-nio-8080-exec-5] DEBUG c.j.i.m.U.updateByPrimaryKey : 
 <==    Updates: 1 
2018-01-20 09:15:18 [http-nio-8080-exec-8] DEBUG c.j.i.m.UserMapper.selectByPhoneNum : 
 ==>  Preparing: select user_id, phone_num, nikname, head_url, age, gender, birth, user_password, motto from user where phone_num = ?  
2018-01-20 09:15:18 [http-nio-8080-exec-8] DEBUG c.j.i.m.UserMapper.selectByPhoneNum : 
 ==> Parameters: 18852073390(String) 
2018-01-20 09:15:18 [http-nio-8080-exec-8] DEBUG c.j.i.m.UserMapper.selectByPhoneNum : 
 <==      Total: 0 
2018-01-20 09:17:04 [http-nio-8080-exec-1] DEBUG c.j.i.m.UserMapper.selectByPhoneNum : 
 ==>  Preparing: select user_id, phone_num, nikname, head_url, age, gender, birth, user_password, motto from user where phone_num = ?  
2018-01-20 09:17:04 [http-nio-8080-exec-1] DEBUG c.j.i.m.UserMapper.selectByPhoneNum : 
 ==> Parameters: 18020536089(String) 
2018-01-20 09:17:04 [http-nio-8080-exec-1] DEBUG c.j.i.m.UserMapper.selectByPhoneNum : 
 <==      Total: 1 
2018-01-20 09:17:04 [http-nio-8080-exec-1] DEBUG c.j.i.m.U.updateByPrimaryKey : 
 ==>  Preparing: update user set phone_num = ?, nikname = ?, head_url = ?, age = ?, gender = ?, birth = ?, user_password = ?, motto = ? where user_id = ?  
2018-01-20 09:17:04 [http-nio-8080-exec-1] DEBUG c.j.i.m.U.updateByPrimaryKey : 
 ==> Parameters: 18020536089(String), liuyunxing(String), test(String), 18(Integer), 女(String), 2018-01-01(Date), 57de9b03250aec8c6dfb4a27968cc920(String), 这个人很懒，什么都没有留下(String), 10000(Integer) 
2018-01-20 09:17:04 [http-nio-8080-exec-1] DEBUG c.j.i.m.U.updateByPrimaryKey : 
 <==    Updates: 1 
2018-01-20 09:31:48 [http-nio-8080-exec-5] ERROR c.j.i.config.GloablExceptionHandler : 
 java.lang.NullPointerException
	at com.jit.imhi.service.SendSMSService.authonCode(SendSMSService.java:140)
	at com.jit.imhi.api.UserApi.handleForget(UserApi.java:255)
	at sun.reflect.NativeMethodAccessorImpl.invoke0(Native Method)
	at sun.reflect.NativeMethodAccessorImpl.invoke(NativeMethodAccessorImpl.java:62)
	at sun.reflect.DelegatingMethodAccessorImpl.invoke(DelegatingMethodAccessorImpl.java:43)
	at java.lang.reflect.Method.invoke(Method.java:498)
	at org.springframework.web.method.support.InvocableHandlerMethod.doInvoke(InvocableHandlerMethod.java:205)
	at org.springframework.web.method.support.InvocableHandlerMethod.invokeForRequest(InvocableHandlerMethod.java:133)
	at org.springframework.web.servlet.mvc.method.annotation.ServletInvocableHandlerMethod.invokeAndHandle(ServletInvocableHandlerMethod.java:97)
	at org.springframework.web.servlet.mvc.method.annotation.RequestMappingHandlerAdapter.invokeHandlerMethod(RequestMappingHandlerAdapter.java:827)
	at org.springframework.web.servlet.mvc.method.annotation.RequestMappingHandlerAdapter.handleInternal(RequestMappingHandlerAdapter.java:738)
	at org.springframework.web.servlet.mvc.method.AbstractHandlerMethodAdapter.handle(AbstractHandlerMethodAdapter.java:85)
	at org.springframework.web.servlet.DispatcherServlet.doDispatch(DispatcherServlet.java:967)
	at org.springframework.web.servlet.DispatcherServlet.doService(DispatcherServlet.java:901)
	at org.springframework.web.servlet.FrameworkServlet.processRequest(FrameworkServlet.java:970)
	at org.springframework.web.servlet.FrameworkServlet.doGet(FrameworkServlet.java:861)
	at javax.servlet.http.HttpServlet.service(HttpServlet.java:635)
	at org.springframework.web.servlet.FrameworkServlet.service(FrameworkServlet.java:846)
	at javax.servlet.http.HttpServlet.service(HttpServlet.java:742)
	at org.apache.catalina.core.ApplicationFilterChain.internalDoFilter(ApplicationFilterChain.java:231)
	at org.apache.catalina.core.ApplicationFilterChain.doFilter(ApplicationFilterChain.java:166)
	at org.apache.tomcat.websocket.server.WsFilter.doFilter(WsFilter.java:52)
	at org.apache.catalina.core.ApplicationFilterChain.internalDoFilter(ApplicationFilterChain.java:193)
	at org.apache.catalina.core.ApplicationFilterChain.doFilter(ApplicationFilterChain.java:166)
	at org.springframework.web.filter.RequestContextFilter.doFilterInternal(RequestContextFilter.java:99)
	at org.springframework.web.filter.OncePerRequestFilter.doFilter(OncePerRequestFilter.java:107)
	at org.apache.catalina.core.ApplicationFilterChain.internalDoFilter(ApplicationFilterChain.java:193)
	at org.apache.catalina.core.ApplicationFilterChain.doFilter(ApplicationFilterChain.java:166)
	at org.springframework.web.filter.HttpPutFormContentFilter.doFilterInternal(HttpPutFormContentFilter.java:108)
	at org.springframework.web.filter.OncePerRequestFilter.doFilter(OncePerRequestFilter.java:107)
	at org.apache.catalina.core.ApplicationFilterChain.internalDoFilter(ApplicationFilterChain.java:193)
	at org.apache.catalina.core.ApplicationFilterChain.doFilter(ApplicationFilterChain.java:166)
	at org.springframework.web.filter.HiddenHttpMethodFilter.doFilterInternal(HiddenHttpMethodFilter.java:81)
	at org.springframework.web.filter.OncePerRequestFilter.doFilter(OncePerRequestFilter.java:107)
	at org.apache.catalina.core.ApplicationFilterChain.internalDoFilter(ApplicationFilterChain.java:193)
	at org.apache.catalina.core.ApplicationFilterChain.doFilter(ApplicationFilterChain.java:166)
	at org.springframework.web.filter.CharacterEncodingFilter.doFilterInternal(CharacterEncodingFilter.java:197)
	at org.springframework.web.filter.OncePerRequestFilter.doFilter(OncePerRequestFilter.java:107)
	at org.apache.catalina.core.ApplicationFilterChain.internalDoFilter(ApplicationFilterChain.java:193)
	at org.apache.catalina.core.ApplicationFilterChain.doFilter(ApplicationFilterChain.java:166)
	at org.apache.catalina.core.StandardWrapperValve.invoke(StandardWrapperValve.java:199)
	at org.apache.catalina.core.StandardContextValve.invoke(StandardContextValve.java:96)
	at org.apache.catalina.authenticator.AuthenticatorBase.invoke(AuthenticatorBase.java:478)
	at org.apache.catalina.core.StandardHostValve.invoke(StandardHostValve.java:140)
	at org.apache.catalina.valves.ErrorReportValve.invoke(ErrorReportValve.java:81)
	at org.apache.catalina.core.StandardEngineValve.invoke(StandardEngineValve.java:87)
	at org.apache.catalina.connector.CoyoteAdapter.service(CoyoteAdapter.java:342)
	at org.apache.coyote.http11.Http11Processor.service(Http11Processor.java:803)
	at org.apache.coyote.AbstractProcessorLight.process(AbstractProcessorLight.java:66)
	at org.apache.coyote.AbstractProtocol$ConnectionHandler.process(AbstractProtocol.java:868)
	at org.apache.tomcat.util.net.NioEndpoint$SocketProcessor.doRun(NioEndpoint.java:1459)
	at org.apache.tomcat.util.net.SocketProcessorBase.run(SocketProcessorBase.java:49)
	at java.util.concurrent.ThreadPoolExecutor.runWorker(ThreadPoolExecutor.java:1149)
	at java.util.concurrent.ThreadPoolExecutor$Worker.run(ThreadPoolExecutor.java:624)
	at org.apache.tomcat.util.threads.TaskThread$WrappingRunnable.run(TaskThread.java:61)
	at java.lang.Thread.run(Thread.java:748)
 
2018-01-20 09:34:01 [restartedMain] INFO  com.jit.imhi.ImhiApplication : 
 Starting ImhiApplication on star-PC with PID 5660 (/home/star/IdeaProjects/imhi/target/classes started by star in /home/star/IdeaProjects/imhi) 
2018-01-20 09:34:01 [restartedMain] DEBUG com.jit.imhi.ImhiApplication : 
 Running with Spring Boot v1.5.9.RELEASE, Spring v4.3.13.RELEASE 
2018-01-20 09:34:01 [restartedMain] INFO  com.jit.imhi.ImhiApplication : 
 No active profile set, falling back to default profiles: default 
2018-01-20 09:34:05 [restartedMain] INFO  com.jit.imhi.ImhiApplication : 
 Started ImhiApplication in 4.379 seconds (JVM running for 5.188) 
2018-01-20 09:34:42 [http-nio-8080-exec-3] ERROR c.j.i.config.GloablExceptionHandler : 
 java.lang.NumberFormatException: For input string: "18852073390"
	at java.lang.NumberFormatException.forInputString(NumberFormatException.java:65)
	at java.lang.Integer.parseInt(Integer.java:583)
	at java.lang.Integer.parseInt(Integer.java:615)
	at com.jit.imhi.service.SendSMSService.sendMsm(SendSMSService.java:122)
	at com.jit.imhi.api.SendSMSApi.sendSMS(SendSMSApi.java:32)
	at sun.reflect.NativeMethodAccessorImpl.invoke0(Native Method)
	at sun.reflect.NativeMethodAccessorImpl.invoke(NativeMethodAccessorImpl.java:62)
	at sun.reflect.DelegatingMethodAccessorImpl.invoke(DelegatingMethodAccessorImpl.java:43)
	at java.lang.reflect.Method.invoke(Method.java:498)
	at org.springframework.web.method.support.InvocableHandlerMethod.doInvoke(InvocableHandlerMethod.java:205)
	at org.springframework.web.method.support.InvocableHandlerMethod.invokeForRequest(InvocableHandlerMethod.java:133)
	at org.springframework.web.servlet.mvc.method.annotation.ServletInvocableHandlerMethod.invokeAndHandle(ServletInvocableHandlerMethod.java:97)
	at org.springframework.web.servlet.mvc.method.annotation.RequestMappingHandlerAdapter.invokeHandlerMethod(RequestMappingHandlerAdapter.java:827)
	at org.springframework.web.servlet.mvc.method.annotation.RequestMappingHandlerAdapter.handleInternal(RequestMappingHandlerAdapter.java:738)
	at org.springframework.web.servlet.mvc.method.AbstractHandlerMethodAdapter.handle(AbstractHandlerMethodAdapter.java:85)
	at org.springframework.web.servlet.DispatcherServlet.doDispatch(DispatcherServlet.java:967)
	at org.springframework.web.servlet.DispatcherServlet.doService(DispatcherServlet.java:901)
	at org.springframework.web.servlet.FrameworkServlet.processRequest(FrameworkServlet.java:970)
	at org.springframework.web.servlet.FrameworkServlet.doGet(FrameworkServlet.java:861)
	at javax.servlet.http.HttpServlet.service(HttpServlet.java:635)
	at org.springframework.web.servlet.FrameworkServlet.service(FrameworkServlet.java:846)
	at javax.servlet.http.HttpServlet.service(HttpServlet.java:742)
	at org.apache.catalina.core.ApplicationFilterChain.internalDoFilter(ApplicationFilterChain.java:231)
	at org.apache.catalina.core.ApplicationFilterChain.doFilter(ApplicationFilterChain.java:166)
	at org.apache.tomcat.websocket.server.WsFilter.doFilter(WsFilter.java:52)
	at org.apache.catalina.core.ApplicationFilterChain.internalDoFilter(ApplicationFilterChain.java:193)
	at org.apache.catalina.core.ApplicationFilterChain.doFilter(ApplicationFilterChain.java:166)
	at org.springframework.web.filter.RequestContextFilter.doFilterInternal(RequestContextFilter.java:99)
	at org.springframework.web.filter.OncePerRequestFilter.doFilter(OncePerRequestFilter.java:107)
	at org.apache.catalina.core.ApplicationFilterChain.internalDoFilter(ApplicationFilterChain.java:193)
	at org.apache.catalina.core.ApplicationFilterChain.doFilter(ApplicationFilterChain.java:166)
	at org.springframework.web.filter.HttpPutFormContentFilter.doFilterInternal(HttpPutFormContentFilter.java:108)
	at org.springframework.web.filter.OncePerRequestFilter.doFilter(OncePerRequestFilter.java:107)
	at org.apache.catalina.core.ApplicationFilterChain.internalDoFilter(ApplicationFilterChain.java:193)
	at org.apache.catalina.core.ApplicationFilterChain.doFilter(ApplicationFilterChain.java:166)
	at org.springframework.web.filter.HiddenHttpMethodFilter.doFilterInternal(HiddenHttpMethodFilter.java:81)
	at org.springframework.web.filter.OncePerRequestFilter.doFilter(OncePerRequestFilter.java:107)
	at org.apache.catalina.core.ApplicationFilterChain.internalDoFilter(ApplicationFilterChain.java:193)
	at org.apache.catalina.core.ApplicationFilterChain.doFilter(ApplicationFilterChain.java:166)
	at org.springframework.web.filter.CharacterEncodingFilter.doFilterInternal(CharacterEncodingFilter.java:197)
	at org.springframework.web.filter.OncePerRequestFilter.doFilter(OncePerRequestFilter.java:107)
	at org.apache.catalina.core.ApplicationFilterChain.internalDoFilter(ApplicationFilterChain.java:193)
	at org.apache.catalina.core.ApplicationFilterChain.doFilter(ApplicationFilterChain.java:166)
	at org.apache.catalina.core.StandardWrapperValve.invoke(StandardWrapperValve.java:199)
	at org.apache.catalina.core.StandardContextValve.invoke(StandardContextValve.java:96)
	at org.apache.catalina.authenticator.AuthenticatorBase.invoke(AuthenticatorBase.java:478)
	at org.apache.catalina.core.StandardHostValve.invoke(StandardHostValve.java:140)
	at org.apache.catalina.valves.ErrorReportValve.invoke(ErrorReportValve.java:81)
	at org.apache.catalina.core.StandardEngineValve.invoke(StandardEngineValve.java:87)
	at org.apache.catalina.connector.CoyoteAdapter.service(CoyoteAdapter.java:342)
	at org.apache.coyote.http11.Http11Processor.service(Http11Processor.java:803)
	at org.apache.coyote.AbstractProcessorLight.process(AbstractProcessorLight.java:66)
	at org.apache.coyote.AbstractProtocol$ConnectionHandler.process(AbstractProtocol.java:868)
	at org.apache.tomcat.util.net.NioEndpoint$SocketProcessor.doRun(NioEndpoint.java:1459)
	at org.apache.tomcat.util.net.SocketProcessorBase.run(SocketProcessorBase.java:49)
	at java.util.concurrent.ThreadPoolExecutor.runWorker(ThreadPoolExecutor.java:1149)
	at java.util.concurrent.ThreadPoolExecutor$Worker.run(ThreadPoolExecutor.java:624)
	at org.apache.tomcat.util.threads.TaskThread$WrappingRunnable.run(TaskThread.java:61)
	at java.lang.Thread.run(Thread.java:748)
 
2018-01-20 09:36:33 [restartedMain] INFO  com.jit.imhi.ImhiApplication : 
 Starting ImhiApplication on star-PC with PID 5874 (/home/star/IdeaProjects/imhi/target/classes started by star in /home/star/IdeaProjects/imhi) 
2018-01-20 09:36:33 [restartedMain] DEBUG com.jit.imhi.ImhiApplication : 
 Running with Spring Boot v1.5.9.RELEASE, Spring v4.3.13.RELEASE 
2018-01-20 09:36:33 [restartedMain] INFO  com.jit.imhi.ImhiApplication : 
 No active profile set, falling back to default profiles: default 
2018-01-20 09:36:38 [restartedMain] INFO  com.jit.imhi.ImhiApplication : 
 Started ImhiApplication in 4.888 seconds (JVM running for 5.8) 
2018-01-20 09:36:40 [http-nio-8080-exec-1] ERROR c.j.i.config.GloablExceptionHandler : 
 java.lang.NumberFormatException: For input string: "18852073390"
	at java.lang.NumberFormatException.forInputString(NumberFormatException.java:65)
	at java.lang.Integer.parseInt(Integer.java:583)
	at java.lang.Integer.parseInt(Integer.java:615)
	at com.jit.imhi.service.SendSMSService.sendMsm(SendSMSService.java:124)
	at com.jit.imhi.api.SendSMSApi.sendSMS(SendSMSApi.java:32)
	at sun.reflect.NativeMethodAccessorImpl.invoke0(Native Method)
	at sun.reflect.NativeMethodAccessorImpl.invoke(NativeMethodAccessorImpl.java:62)
	at sun.reflect.DelegatingMethodAccessorImpl.invoke(DelegatingMethodAccessorImpl.java:43)
	at java.lang.reflect.Method.invoke(Method.java:498)
	at org.springframework.web.method.support.InvocableHandlerMethod.doInvoke(InvocableHandlerMethod.java:205)
	at org.springframework.web.method.support.InvocableHandlerMethod.invokeForRequest(InvocableHandlerMethod.java:133)
	at org.springframework.web.servlet.mvc.method.annotation.ServletInvocableHandlerMethod.invokeAndHandle(ServletInvocableHandlerMethod.java:97)
	at org.springframework.web.servlet.mvc.method.annotation.RequestMappingHandlerAdapter.invokeHandlerMethod(RequestMappingHandlerAdapter.java:827)
	at org.springframework.web.servlet.mvc.method.annotation.RequestMappingHandlerAdapter.handleInternal(RequestMappingHandlerAdapter.java:738)
	at org.springframework.web.servlet.mvc.method.AbstractHandlerMethodAdapter.handle(AbstractHandlerMethodAdapter.java:85)
	at org.springframework.web.servlet.DispatcherServlet.doDispatch(DispatcherServlet.java:967)
	at org.springframework.web.servlet.DispatcherServlet.doService(DispatcherServlet.java:901)
	at org.springframework.web.servlet.FrameworkServlet.processRequest(FrameworkServlet.java:970)
	at org.springframework.web.servlet.FrameworkServlet.doGet(FrameworkServlet.java:861)
	at javax.servlet.http.HttpServlet.service(HttpServlet.java:635)
	at org.springframework.web.servlet.FrameworkServlet.service(FrameworkServlet.java:846)
	at javax.servlet.http.HttpServlet.service(HttpServlet.java:742)
	at org.apache.catalina.core.ApplicationFilterChain.internalDoFilter(ApplicationFilterChain.java:231)
	at org.apache.catalina.core.ApplicationFilterChain.doFilter(ApplicationFilterChain.java:166)
	at org.apache.tomcat.websocket.server.WsFilter.doFilter(WsFilter.java:52)
	at org.apache.catalina.core.ApplicationFilterChain.internalDoFilter(ApplicationFilterChain.java:193)
	at org.apache.catalina.core.ApplicationFilterChain.doFilter(ApplicationFilterChain.java:166)
	at org.springframework.web.filter.RequestContextFilter.doFilterInternal(RequestContextFilter.java:99)
	at org.springframework.web.filter.OncePerRequestFilter.doFilter(OncePerRequestFilter.java:107)
	at org.apache.catalina.core.ApplicationFilterChain.internalDoFilter(ApplicationFilterChain.java:193)
	at org.apache.catalina.core.ApplicationFilterChain.doFilter(ApplicationFilterChain.java:166)
	at org.springframework.web.filter.HttpPutFormContentFilter.doFilterInternal(HttpPutFormContentFilter.java:108)
	at org.springframework.web.filter.OncePerRequestFilter.doFilter(OncePerRequestFilter.java:107)
	at org.apache.catalina.core.ApplicationFilterChain.internalDoFilter(ApplicationFilterChain.java:193)
	at org.apache.catalina.core.ApplicationFilterChain.doFilter(ApplicationFilterChain.java:166)
	at org.springframework.web.filter.HiddenHttpMethodFilter.doFilterInternal(HiddenHttpMethodFilter.java:81)
	at org.springframework.web.filter.OncePerRequestFilter.doFilter(OncePerRequestFilter.java:107)
	at org.apache.catalina.core.ApplicationFilterChain.internalDoFilter(ApplicationFilterChain.java:193)
	at org.apache.catalina.core.ApplicationFilterChain.doFilter(ApplicationFilterChain.java:166)
	at org.springframework.web.filter.CharacterEncodingFilter.doFilterInternal(CharacterEncodingFilter.java:197)
	at org.springframework.web.filter.OncePerRequestFilter.doFilter(OncePerRequestFilter.java:107)
	at org.apache.catalina.core.ApplicationFilterChain.internalDoFilter(ApplicationFilterChain.java:193)
	at org.apache.catalina.core.ApplicationFilterChain.doFilter(ApplicationFilterChain.java:166)
	at org.apache.catalina.core.StandardWrapperValve.invoke(StandardWrapperValve.java:199)
	at org.apache.catalina.core.StandardContextValve.invoke(StandardContextValve.java:96)
	at org.apache.catalina.authenticator.AuthenticatorBase.invoke(AuthenticatorBase.java:478)
	at org.apache.catalina.core.StandardHostValve.invoke(StandardHostValve.java:140)
	at org.apache.catalina.valves.ErrorReportValve.invoke(ErrorReportValve.java:81)
	at org.apache.catalina.core.StandardEngineValve.invoke(StandardEngineValve.java:87)
	at org.apache.catalina.connector.CoyoteAdapter.service(CoyoteAdapter.java:342)
	at org.apache.coyote.http11.Http11Processor.service(Http11Processor.java:803)
	at org.apache.coyote.AbstractProcessorLight.process(AbstractProcessorLight.java:66)
	at org.apache.coyote.AbstractProtocol$ConnectionHandler.process(AbstractProtocol.java:868)
	at org.apache.tomcat.util.net.NioEndpoint$SocketProcessor.doRun(NioEndpoint.java:1459)
	at org.apache.tomcat.util.net.SocketProcessorBase.run(SocketProcessorBase.java:49)
	at java.util.concurrent.ThreadPoolExecutor.runWorker(ThreadPoolExecutor.java:1149)
	at java.util.concurrent.ThreadPoolExecutor$Worker.run(ThreadPoolExecutor.java:624)
	at org.apache.tomcat.util.threads.TaskThread$WrappingRunnable.run(TaskThread.java:61)
	at java.lang.Thread.run(Thread.java:748)
 
2018-01-20 09:49:05 [restartedMain] INFO  com.jit.imhi.ImhiApplication : 
 Starting ImhiApplication on star-PC with PID 6229 (/home/star/IdeaProjects/imhi/target/classes started by star in /home/star/IdeaProjects/imhi) 
2018-01-20 09:49:05 [restartedMain] DEBUG com.jit.imhi.ImhiApplication : 
 Running with Spring Boot v1.5.9.RELEASE, Spring v4.3.13.RELEASE 
2018-01-20 09:49:05 [restartedMain] INFO  com.jit.imhi.ImhiApplication : 
 No active profile set, falling back to default profiles: default 
2018-01-20 09:49:09 [restartedMain] INFO  com.jit.imhi.ImhiApplication : 
 Started ImhiApplication in 4.587 seconds (JVM running for 5.557) 
2018-01-20 09:49:11 [http-nio-8080-exec-1] ERROR c.j.i.config.GloablExceptionHandler : 
 org.springframework.web.method.annotation.MethodArgumentTypeMismatchException: Failed to convert value of type 'java.lang.String' to required type 'java.lang.Integer'; nested exception is java.lang.NumberFormatException: For input string: "18852073390"
	at org.springframework.web.method.annotation.AbstractNamedValueMethodArgumentResolver.resolveArgument(AbstractNamedValueMethodArgumentResolver.java:128)
	at org.springframework.web.method.support.HandlerMethodArgumentResolverComposite.resolveArgument(HandlerMethodArgumentResolverComposite.java:121)
	at org.springframework.web.method.support.InvocableHandlerMethod.getMethodArgumentValues(InvocableHandlerMethod.java:158)
	at org.springframework.web.method.support.InvocableHandlerMethod.invokeForRequest(InvocableHandlerMethod.java:128)
	at org.springframework.web.servlet.mvc.method.annotation.ServletInvocableHandlerMethod.invokeAndHandle(ServletInvocableHandlerMethod.java:97)
	at org.springframework.web.servlet.mvc.method.annotation.RequestMappingHandlerAdapter.invokeHandlerMethod(RequestMappingHandlerAdapter.java:827)
	at org.springframework.web.servlet.mvc.method.annotation.RequestMappingHandlerAdapter.handleInternal(RequestMappingHandlerAdapter.java:738)
	at org.springframework.web.servlet.mvc.method.AbstractHandlerMethodAdapter.handle(AbstractHandlerMethodAdapter.java:85)
	at org.springframework.web.servlet.DispatcherServlet.doDispatch(DispatcherServlet.java:967)
	at org.springframework.web.servlet.DispatcherServlet.doService(DispatcherServlet.java:901)
	at org.springframework.web.servlet.FrameworkServlet.processRequest(FrameworkServlet.java:970)
	at org.springframework.web.servlet.FrameworkServlet.doGet(FrameworkServlet.java:861)
	at javax.servlet.http.HttpServlet.service(HttpServlet.java:635)
	at org.springframework.web.servlet.FrameworkServlet.service(FrameworkServlet.java:846)
	at javax.servlet.http.HttpServlet.service(HttpServlet.java:742)
	at org.apache.catalina.core.ApplicationFilterChain.internalDoFilter(ApplicationFilterChain.java:231)
	at org.apache.catalina.core.ApplicationFilterChain.doFilter(ApplicationFilterChain.java:166)
	at org.apache.tomcat.websocket.server.WsFilter.doFilter(WsFilter.java:52)
	at org.apache.catalina.core.ApplicationFilterChain.internalDoFilter(ApplicationFilterChain.java:193)
	at org.apache.catalina.core.ApplicationFilterChain.doFilter(ApplicationFilterChain.java:166)
	at org.springframework.web.filter.RequestContextFilter.doFilterInternal(RequestContextFilter.java:99)
	at org.springframework.web.filter.OncePerRequestFilter.doFilter(OncePerRequestFilter.java:107)
	at org.apache.catalina.core.ApplicationFilterChain.internalDoFilter(ApplicationFilterChain.java:193)
	at org.apache.catalina.core.ApplicationFilterChain.doFilter(ApplicationFilterChain.java:166)
	at org.springframework.web.filter.HttpPutFormContentFilter.doFilterInternal(HttpPutFormContentFilter.java:108)
	at org.springframework.web.filter.OncePerRequestFilter.doFilter(OncePerRequestFilter.java:107)
	at org.apache.catalina.core.ApplicationFilterChain.internalDoFilter(ApplicationFilterChain.java:193)
	at org.apache.catalina.core.ApplicationFilterChain.doFilter(ApplicationFilterChain.java:166)
	at org.springframework.web.filter.HiddenHttpMethodFilter.doFilterInternal(HiddenHttpMethodFilter.java:81)
	at org.springframework.web.filter.OncePerRequestFilter.doFilter(OncePerRequestFilter.java:107)
	at org.apache.catalina.core.ApplicationFilterChain.internalDoFilter(ApplicationFilterChain.java:193)
	at org.apache.catalina.core.ApplicationFilterChain.doFilter(ApplicationFilterChain.java:166)
	at org.springframework.web.filter.CharacterEncodingFilter.doFilterInternal(CharacterEncodingFilter.java:197)
	at org.springframework.web.filter.OncePerRequestFilter.doFilter(OncePerRequestFilter.java:107)
	at org.apache.catalina.core.ApplicationFilterChain.internalDoFilter(ApplicationFilterChain.java:193)
	at org.apache.catalina.core.ApplicationFilterChain.doFilter(ApplicationFilterChain.java:166)
	at org.apache.catalina.core.StandardWrapperValve.invoke(StandardWrapperValve.java:199)
	at org.apache.catalina.core.StandardContextValve.invoke(StandardContextValve.java:96)
	at org.apache.catalina.authenticator.AuthenticatorBase.invoke(AuthenticatorBase.java:478)
	at org.apache.catalina.core.StandardHostValve.invoke(StandardHostValve.java:140)
	at org.apache.catalina.valves.ErrorReportValve.invoke(ErrorReportValve.java:81)
	at org.apache.catalina.core.StandardEngineValve.invoke(StandardEngineValve.java:87)
	at org.apache.catalina.connector.CoyoteAdapter.service(CoyoteAdapter.java:342)
	at org.apache.coyote.http11.Http11Processor.service(Http11Processor.java:803)
	at org.apache.coyote.AbstractProcessorLight.process(AbstractProcessorLight.java:66)
	at org.apache.coyote.AbstractProtocol$ConnectionHandler.process(AbstractProtocol.java:868)
	at org.apache.tomcat.util.net.NioEndpoint$SocketProcessor.doRun(NioEndpoint.java:1459)
	at org.apache.tomcat.util.net.SocketProcessorBase.run(SocketProcessorBase.java:49)
	at java.util.concurrent.ThreadPoolExecutor.runWorker(ThreadPoolExecutor.java:1149)
	at java.util.concurrent.ThreadPoolExecutor$Worker.run(ThreadPoolExecutor.java:624)
	at org.apache.tomcat.util.threads.TaskThread$WrappingRunnable.run(TaskThread.java:61)
	at java.lang.Thread.run(Thread.java:748)
Caused by: java.lang.NumberFormatException: For input string: "18852073390"
	at java.lang.NumberFormatException.forInputString(NumberFormatException.java:65)
	at java.lang.Integer.parseInt(Integer.java:583)
	at java.lang.Integer.valueOf(Integer.java:766)
	at org.springframework.util.NumberUtils.parseNumber(NumberUtils.java:208)
	at org.springframework.beans.propertyeditors.CustomNumberEditor.setAsText(CustomNumberEditor.java:113)
	at org.springframework.beans.TypeConverterDelegate.doConvertTextValue(TypeConverterDelegate.java:468)
	at org.springframework.beans.TypeConverterDelegate.doConvertValue(TypeConverterDelegate.java:441)
	at org.springframework.beans.TypeConverterDelegate.convertIfNecessary(TypeConverterDelegate.java:199)
	at org.springframework.beans.TypeConverterDelegate.convertIfNecessary(TypeConverterDelegate.java:108)
	at org.springframework.beans.TypeConverterSupport.doConvert(TypeConverterSupport.java:64)
	at org.springframework.beans.TypeConverterSupport.convertIfNecessary(TypeConverterSupport.java:47)
	at org.springframework.validation.DataBinder.convertIfNecessary(DataBinder.java:713)
	at org.springframework.web.method.annotation.AbstractNamedValueMethodArgumentResolver.resolveArgument(AbstractNamedValueMethodArgumentResolver.java:120)
	... 51 more
 
2018-01-20 09:56:48 [restartedMain] INFO  com.jit.imhi.ImhiApplication : 
 Starting ImhiApplication on star-PC with PID 6467 (/home/star/IdeaProjects/imhi/target/classes started by star in /home/star/IdeaProjects/imhi) 
2018-01-20 09:56:48 [restartedMain] DEBUG com.jit.imhi.ImhiApplication : 
 Running with Spring Boot v1.5.9.RELEASE, Spring v4.3.13.RELEASE 
2018-01-20 09:56:48 [restartedMain] INFO  com.jit.imhi.ImhiApplication : 
 No active profile set, falling back to default profiles: default 
2018-01-20 09:56:51 [restartedMain] INFO  com.jit.imhi.ImhiApplication : 
 Started ImhiApplication in 4.267 seconds (JVM running for 5.162) 
2018-01-20 09:56:58 [http-nio-8080-exec-1] DEBUG c.j.i.m.UserMapper.selectByPhoneNum : 
 ==>  Preparing: select user_id, phone_num, nikname, head_url, age, gender, birth, user_password, motto from user where phone_num = ?  
2018-01-20 09:56:58 [http-nio-8080-exec-1] DEBUG c.j.i.m.UserMapper.selectByPhoneNum : 
 ==> Parameters: 18852073390(String) 
2018-01-20 09:56:58 [http-nio-8080-exec-1] DEBUG c.j.i.m.UserMapper.selectByPhoneNum : 
 <==      Total: 0 
2018-01-20 10:17:55 [http-nio-8080-exec-5] DEBUG c.j.i.m.UserMapper.selectByPhoneNum : 
 ==>  Preparing: select user_id, phone_num, nikname, head_url, age, gender, birth, user_password, motto from user where phone_num = ?  
2018-01-20 10:17:55 [http-nio-8080-exec-5] DEBUG c.j.i.m.UserMapper.selectByPhoneNum : 
 ==> Parameters: 13260905153(String) 
2018-01-20 10:17:55 [http-nio-8080-exec-5] DEBUG c.j.i.m.UserMapper.selectByPhoneNum : 
 <==      Total: 0 
2018-01-20 10:31:32 [http-nio-8080-exec-10] DEBUG c.j.i.m.UserMapper.selectByPhoneNum : 
 ==>  Preparing: select user_id, phone_num, nikname, head_url, age, gender, birth, user_password, motto from user where phone_num = ?  
2018-01-20 10:31:32 [http-nio-8080-exec-10] DEBUG c.j.i.m.UserMapper.selectByPhoneNum : 
 ==> Parameters: 13382691956(String) 
2018-01-20 10:31:32 [http-nio-8080-exec-10] DEBUG c.j.i.m.UserMapper.selectByPhoneNum : 
 <==      Total: 0 
2018-01-20 10:33:02 [http-nio-8080-exec-2] DEBUG c.j.i.m.UserMapper.selectByPhoneNum : 
 ==>  Preparing: select user_id, phone_num, nikname, head_url, age, gender, birth, user_password, motto from user where phone_num = ?  
2018-01-20 10:33:02 [http-nio-8080-exec-2] DEBUG c.j.i.m.UserMapper.selectByPhoneNum : 
 ==> Parameters: 13260905153(String) 
2018-01-20 10:33:02 [http-nio-8080-exec-2] DEBUG c.j.i.m.UserMapper.selectByPhoneNum : 
 <==      Total: 0 
2018-01-20 10:38:58 [http-nio-8080-exec-4] DEBUG c.j.i.m.UserMapper.selectByPhoneNum : 
 ==>  Preparing: select user_id, phone_num, nikname, head_url, age, gender, birth, user_password, motto from user where phone_num = ?  
2018-01-20 10:38:58 [http-nio-8080-exec-4] DEBUG c.j.i.m.UserMapper.selectByPhoneNum : 
 ==> Parameters: 13260905153(String) 
2018-01-20 10:38:58 [http-nio-8080-exec-4] DEBUG c.j.i.m.UserMapper.selectByPhoneNum : 
 <==      Total: 0 
2018-01-20 10:58:23 [http-nio-8080-exec-6] DEBUG c.j.i.m.UserMapper.selectByPhoneNum : 
 ==>  Preparing: select user_id, phone_num, nikname, head_url, age, gender, birth, user_password, motto from user where phone_num = ?  
2018-01-20 10:58:23 [http-nio-8080-exec-6] DEBUG c.j.i.m.UserMapper.selectByPhoneNum : 
 ==> Parameters: 13382691956(String) 
2018-01-20 10:58:23 [http-nio-8080-exec-6] DEBUG c.j.i.m.UserMapper.selectByPhoneNum : 
 <==      Total: 0 
2018-01-20 11:06:35 [http-nio-8080-exec-8] DEBUG c.j.i.m.UserMapper.selectByPhoneNum : 
 ==>  Preparing: select user_id, phone_num, nikname, head_url, age, gender, birth, user_password, motto from user where phone_num = ?  
2018-01-20 11:06:35 [http-nio-8080-exec-8] DEBUG c.j.i.m.UserMapper.selectByPhoneNum : 
 ==> Parameters: 18852073390(String) 
2018-01-20 11:06:35 [http-nio-8080-exec-8] DEBUG c.j.i.m.UserMapper.selectByPhoneNum : 
 <==      Total: 0 
2018-01-20 11:08:33 [http-nio-8080-exec-10] DEBUG c.j.i.m.UserMapper.selectByPhoneNum : 
 ==>  Preparing: select user_id, phone_num, nikname, head_url, age, gender, birth, user_password, motto from user where phone_num = ?  
2018-01-20 11:08:33 [http-nio-8080-exec-10] DEBUG c.j.i.m.UserMapper.selectByPhoneNum : 
 ==> Parameters: 18020536089(String) 
2018-01-20 11:08:33 [http-nio-8080-exec-10] DEBUG c.j.i.m.UserMapper.selectByPhoneNum : 
 <==      Total: 1 
2018-01-20 11:08:54 [http-nio-8080-exec-1] DEBUG c.j.i.m.UserMapper.selectByPhoneNum : 
 ==>  Preparing: select user_id, phone_num, nikname, head_url, age, gender, birth, user_password, motto from user where phone_num = ?  
2018-01-20 11:08:54 [http-nio-8080-exec-1] DEBUG c.j.i.m.UserMapper.selectByPhoneNum : 
 ==> Parameters: 18020536089(String) 
2018-01-20 11:08:54 [http-nio-8080-exec-1] DEBUG c.j.i.m.UserMapper.selectByPhoneNum : 
 <==      Total: 1 
2018-01-20 11:08:54 [http-nio-8080-exec-1] DEBUG c.j.i.m.U.updateByPrimaryKey : 
 ==>  Preparing: update user set phone_num = ?, nikname = ?, head_url = ?, age = ?, gender = ?, birth = ?, user_password = ?, motto = ? where user_id = ?  
2018-01-20 11:08:54 [http-nio-8080-exec-1] DEBUG c.j.i.m.U.updateByPrimaryKey : 
 ==> Parameters: 18020536089(String), liuyunxing(String), test(String), 18(Integer), 女(String), 2018-01-01(Date), 8693a0881a7d30f96e385dc96937fa05(String), 这个人很懒，什么都没有留下(String), 10000(Integer) 
2018-01-20 11:08:54 [http-nio-8080-exec-1] DEBUG c.j.i.m.U.updateByPrimaryKey : 
 <==    Updates: 1 
2018-01-20 11:10:43 [http-nio-8080-exec-3] DEBUG c.j.i.m.UserMapper.selectByPhoneNum : 
 ==>  Preparing: select user_id, phone_num, nikname, head_url, age, gender, birth, user_password, motto from user where phone_num = ?  
2018-01-20 11:10:43 [http-nio-8080-exec-3] DEBUG c.j.i.m.UserMapper.selectByPhoneNum : 
 ==> Parameters: 18020536089(String) 
2018-01-20 11:10:43 [http-nio-8080-exec-3] DEBUG c.j.i.m.UserMapper.selectByPhoneNum : 
 <==      Total: 1 
2018-01-20 11:11:52 [http-nio-8080-exec-6] DEBUG c.j.i.m.UserMapper.selectByPhoneNum : 
 ==>  Preparing: select user_id, phone_num, nikname, head_url, age, gender, birth, user_password, motto from user where phone_num = ?  
2018-01-20 11:11:52 [http-nio-8080-exec-6] DEBUG c.j.i.m.UserMapper.selectByPhoneNum : 
 ==> Parameters: 18020536089(String) 
2018-01-20 11:11:52 [http-nio-8080-exec-6] DEBUG c.j.i.m.UserMapper.selectByPhoneNum : 
 <==      Total: 1 
2018-01-20 11:11:52 [http-nio-8080-exec-6] DEBUG c.j.i.m.U.updateByPrimaryKey : 
 ==>  Preparing: update user set phone_num = ?, nikname = ?, head_url = ?, age = ?, gender = ?, birth = ?, user_password = ?, motto = ? where user_id = ?  
2018-01-20 11:11:52 [http-nio-8080-exec-6] DEBUG c.j.i.m.U.updateByPrimaryKey : 
 ==> Parameters: 18020536089(String), liuyunxing(String), test(String), 18(Integer), 女(String), 2018-01-01(Date), 8693a0881a7d30f96e385dc96937fa05(String), 这个人很懒，什么都没有留下(String), 10000(Integer) 
2018-01-20 11:11:52 [http-nio-8080-exec-6] DEBUG c.j.i.m.U.updateByPrimaryKey : 
 <==    Updates: 1 
2018-01-20 11:13:02 [restartedMain] INFO  com.jit.imhi.ImhiApplication : 
 Starting ImhiApplication on star-PC with PID 8625 (/home/star/IdeaProjects/imhi/target/classes started by star in /home/star/IdeaProjects/imhi) 
2018-01-20 11:13:02 [restartedMain] DEBUG com.jit.imhi.ImhiApplication : 
 Running with Spring Boot v1.5.9.RELEASE, Spring v4.3.13.RELEASE 
2018-01-20 11:13:02 [restartedMain] INFO  com.jit.imhi.ImhiApplication : 
 No active profile set, falling back to default profiles: default 
2018-01-20 11:13:06 [restartedMain] INFO  com.jit.imhi.ImhiApplication : 
 Started ImhiApplication in 4.376 seconds (JVM running for 5.216) 
