2018-01-18 01:39:02 [restartedMain] INFO  com.jit.imhi.ImhiApplication : 
 Starting ImhiApplication on star-PC with PID 29132 (/home/star/IdeaProjects/imhi/target/classes started by star in /home/star/IdeaProjects/imhi) 
2018-01-18 01:39:02 [restartedMain] DEBUG com.jit.imhi.ImhiApplication : 
 Running with Spring Boot v1.5.9.RELEASE, Spring v4.3.13.RELEASE 
2018-01-18 01:39:02 [restartedMain] INFO  com.jit.imhi.ImhiApplication : 
 No active profile set, falling back to default profiles: default 
2018-01-18 01:39:06 [restartedMain] INFO  com.jit.imhi.ImhiApplication : 
 Started ImhiApplication in 4.508 seconds (JVM running for 5.585) 
2018-01-18 10:56:03 [restartedMain] INFO  com.jit.imhi.ImhiApplication : 
 Starting ImhiApplication on DESKTOP-F7HH9N5 with PID 1988 (C:\imhiservice\imhiserver\target\classes started by 11599 in C:\imhiservice\imhiserver) 
2018-01-18 10:56:03 [restartedMain] DEBUG com.jit.imhi.ImhiApplication : 
 Running with Spring Boot v1.5.9.RELEASE, Spring v4.3.13.RELEASE 
2018-01-18 10:56:03 [restartedMain] INFO  com.jit.imhi.ImhiApplication : 
 No active profile set, falling back to default profiles: default 
2018-01-18 10:57:05 [restartedMain] INFO  com.jit.imhi.ImhiApplication : 
 Starting ImhiApplication on DESKTOP-F7HH9N5 with PID 6664 (C:\imhiservice\imhiserver\target\classes started by 11599 in C:\imhiservice\imhiserver) 
2018-01-18 10:57:05 [restartedMain] DEBUG com.jit.imhi.ImhiApplication : 
 Running with Spring Boot v1.5.9.RELEASE, Spring v4.3.13.RELEASE 
2018-01-18 10:57:05 [restartedMain] INFO  com.jit.imhi.ImhiApplication : 
 No active profile set, falling back to default profiles: default 
2018-01-18 10:59:24 [restartedMain] INFO  com.jit.imhi.ImhiApplication : 
 Starting ImhiApplication on DESKTOP-F7HH9N5 with PID 15896 (C:\imhiservice\imhiserver\target\classes started by 11599 in C:\imhiservice\imhiserver) 
2018-01-18 10:59:24 [restartedMain] DEBUG com.jit.imhi.ImhiApplication : 
 Running with Spring Boot v1.5.9.RELEASE, Spring v4.3.13.RELEASE 
2018-01-18 10:59:24 [restartedMain] INFO  com.jit.imhi.ImhiApplication : 
 No active profile set, falling back to default profiles: default 
2018-01-18 11:06:45 [restartedMain] INFO  com.jit.imhi.ImhiApplication : 
 Starting ImhiApplication on DESKTOP-F7HH9N5 with PID 16360 (C:\imhiservice\imhiserver\target\classes started by 11599 in C:\imhiservice\imhiserver) 
2018-01-18 11:06:45 [restartedMain] DEBUG com.jit.imhi.ImhiApplication : 
 Running with Spring Boot v1.5.9.RELEASE, Spring v4.3.13.RELEASE 
2018-01-18 11:06:45 [restartedMain] INFO  com.jit.imhi.ImhiApplication : 
 No active profile set, falling back to default profiles: default 
2018-01-18 11:08:08 [restartedMain] INFO  com.jit.imhi.ImhiApplication : 
 Starting ImhiApplication on DESKTOP-F7HH9N5 with PID 4836 (C:\imhiservice\imhiserver\target\classes started by 11599 in C:\imhiservice\imhiserver) 
2018-01-18 11:08:08 [restartedMain] DEBUG com.jit.imhi.ImhiApplication : 
 Running with Spring Boot v1.5.9.RELEASE, Spring v4.3.13.RELEASE 
2018-01-18 11:08:08 [restartedMain] INFO  com.jit.imhi.ImhiApplication : 
 No active profile set, falling back to default profiles: default 
2018-01-18 11:15:58 [restartedMain] INFO  com.jit.imhi.ImhiApplication : 
 Starting ImhiApplication on DESKTOP-F7HH9N5 with PID 5244 (C:\imhiservice\imhiserver\target\classes started by 11599 in C:\imhiservice\imhiserver) 
2018-01-18 11:15:58 [restartedMain] DEBUG com.jit.imhi.ImhiApplication : 
 Running with Spring Boot v1.5.9.RELEASE, Spring v4.3.13.RELEASE 
2018-01-18 11:15:58 [restartedMain] INFO  com.jit.imhi.ImhiApplication : 
 No active profile set, falling back to default profiles: default 
2018-01-18 11:19:35 [restartedMain] INFO  com.jit.imhi.ImhiApplication : 
 Starting ImhiApplication on DESKTOP-F7HH9N5 with PID 10948 (C:\imhiservice\imhiserver\target\classes started by 11599 in C:\imhiservice\imhiserver) 
2018-01-18 11:19:35 [restartedMain] DEBUG com.jit.imhi.ImhiApplication : 
 Running with Spring Boot v1.5.9.RELEASE, Spring v4.3.13.RELEASE 
2018-01-18 11:19:35 [restartedMain] INFO  com.jit.imhi.ImhiApplication : 
 No active profile set, falling back to default profiles: default 
2018-01-18 11:19:56 [restartedMain] INFO  com.jit.imhi.ImhiApplication : 
 Starting ImhiApplication on DESKTOP-F7HH9N5 with PID 14052 (C:\imhiservice\imhiserver\target\classes started by 11599 in C:\imhiservice\imhiserver) 
2018-01-18 11:19:56 [restartedMain] DEBUG com.jit.imhi.ImhiApplication : 
 Running with Spring Boot v1.5.9.RELEASE, Spring v4.3.13.RELEASE 
2018-01-18 11:19:56 [restartedMain] INFO  com.jit.imhi.ImhiApplication : 
 No active profile set, falling back to default profiles: default 
2018-01-18 11:20:00 [restartedMain] INFO  com.jit.imhi.ImhiApplication : 
 Started ImhiApplication in 4.24 seconds (JVM running for 5.64) 
2018-01-18 11:29:05 [restartedMain] INFO  com.jit.imhi.ImhiApplication : 
 Starting ImhiApplication on DESKTOP-F7HH9N5 with PID 7644 (C:\imhiservice\imhiserver\target\classes started by 11599 in C:\imhiservice\imhiserver) 
2018-01-18 11:29:05 [restartedMain] DEBUG com.jit.imhi.ImhiApplication : 
 Running with Spring Boot v1.5.9.RELEASE, Spring v4.3.13.RELEASE 
2018-01-18 11:29:05 [restartedMain] INFO  com.jit.imhi.ImhiApplication : 
 No active profile set, falling back to default profiles: default 
2018-01-18 11:29:09 [restartedMain] INFO  com.jit.imhi.ImhiApplication : 
 Started ImhiApplication in 5.629 seconds (JVM running for 8.421) 
2018-01-18 11:29:29 [http-nio-8080-exec-1] DEBUG c.j.i.m.UserMapper.selectByPhoneNum : 
 ==>  Preparing: select user_id, phone_num, nikname, head_url, age, gender, birth, user_password, motto from user where phone_num = ?  
2018-01-18 11:29:29 [http-nio-8080-exec-1] DEBUG c.j.i.m.UserMapper.selectByPhoneNum : 
 ==> Parameters: 15651073563(String) 
2018-01-18 11:29:29 [http-nio-8080-exec-1] DEBUG c.j.i.m.UserMapper.selectByPhoneNum : 
 <==      Total: 1 
2018-01-18 11:29:30 [http-nio-8080-exec-2] DEBUG c.j.i.m.FriendMapper.selectByUserId : 
 ==>  Preparing: select friend_id from Friend where user_id = ?  
2018-01-18 11:29:30 [http-nio-8080-exec-2] DEBUG c.j.i.m.FriendMapper.selectByUserId : 
 ==> Parameters: 10001(Integer) 
2018-01-18 11:29:30 [http-nio-8080-exec-2] DEBUG c.j.i.m.FriendMapper.selectByUserId : 
 <==      Total: 4 
2018-01-18 11:29:30 [http-nio-8080-exec-2] DEBUG c.j.i.m.U.selectByPrimaryKey : 
 ==>  Preparing: select user_id, phone_num, nikname, head_url, age, gender, birth, user_password, motto from user where user_id = ?  
2018-01-18 11:29:30 [http-nio-8080-exec-2] DEBUG c.j.i.m.U.selectByPrimaryKey : 
 ==> Parameters: 10000(Integer) 
2018-01-18 11:29:30 [http-nio-8080-exec-2] DEBUG c.j.i.m.U.selectByPrimaryKey : 
 <==      Total: 1 
2018-01-18 11:29:30 [http-nio-8080-exec-2] DEBUG c.j.i.m.U.selectByPrimaryKey : 
 ==>  Preparing: select user_id, phone_num, nikname, head_url, age, gender, birth, user_password, motto from user where user_id = ?  
2018-01-18 11:29:30 [http-nio-8080-exec-2] DEBUG c.j.i.m.U.selectByPrimaryKey : 
 ==> Parameters: 10011(Integer) 
2018-01-18 11:29:30 [http-nio-8080-exec-2] DEBUG c.j.i.m.U.selectByPrimaryKey : 
 <==      Total: 1 
2018-01-18 11:29:30 [http-nio-8080-exec-2] DEBUG c.j.i.m.U.selectByPrimaryKey : 
 ==>  Preparing: select user_id, phone_num, nikname, head_url, age, gender, birth, user_password, motto from user where user_id = ?  
2018-01-18 11:29:30 [http-nio-8080-exec-2] DEBUG c.j.i.m.U.selectByPrimaryKey : 
 ==> Parameters: 10022(Integer) 
2018-01-18 11:29:30 [http-nio-8080-exec-2] DEBUG c.j.i.m.U.selectByPrimaryKey : 
 <==      Total: 1 
2018-01-18 11:29:30 [http-nio-8080-exec-2] DEBUG c.j.i.m.U.selectByPrimaryKey : 
 ==>  Preparing: select user_id, phone_num, nikname, head_url, age, gender, birth, user_password, motto from user where user_id = ?  
2018-01-18 11:29:30 [http-nio-8080-exec-2] DEBUG c.j.i.m.U.selectByPrimaryKey : 
 ==> Parameters: 10029(Integer) 
2018-01-18 11:29:30 [http-nio-8080-exec-2] DEBUG c.j.i.m.U.selectByPrimaryKey : 
 <==      Total: 1 
2018-01-18 11:29:31 [NioProcessor-2] DEBUG c.j.i.m.L.selectByPrimaryKey : 
 ==>  Preparing: select login_id, user_id, ip_addr, ip_port, login_date from LoginInfo where user_id = ?  
2018-01-18 11:29:31 [NioProcessor-2] DEBUG c.j.i.m.L.selectByPrimaryKey : 
 ==> Parameters: 10001(Integer) 
2018-01-18 11:29:31 [NioProcessor-2] DEBUG c.j.i.m.L.selectByPrimaryKey : 
 <==      Total: 1 
2018-01-18 11:29:31 [NioProcessor-2] DEBUG c.j.i.m.L.updateByPrimaryKey : 
 ==>  Preparing: update LoginInfo set user_id = ?, ip_addr = ?, ip_port = ?, login_date = ? where user_id = ?  
2018-01-18 11:29:31 [NioProcessor-2] DEBUG c.j.i.m.L.updateByPrimaryKey : 
 ==> Parameters: 10001(Integer), 192.168.253.5(String), 54427(String), 2018-01-18 11:29:30.0(Timestamp), 10001(Integer) 
2018-01-18 11:29:31 [NioProcessor-2] DEBUG c.j.i.m.L.updateByPrimaryKey : 
 <==    Updates: 1 
2018-01-18 11:29:31 [NioProcessor-2] DEBUG c.j.i.m.FriendMapper.selectByUserId : 
 ==>  Preparing: select friend_id from Friend where user_id = ?  
2018-01-18 11:29:31 [NioProcessor-2] DEBUG c.j.i.m.FriendMapper.selectByUserId : 
 ==> Parameters: 10001(Integer) 
2018-01-18 11:29:31 [NioProcessor-2] DEBUG c.j.i.m.FriendMapper.selectByUserId : 
 <==      Total: 4 
2018-01-18 11:29:31 [NioProcessor-2] DEBUG c.j.i.m.O.selectById : 
 ==>  Preparing: select count( messag_id ) from offline_message where to_id = ? and from_user_id = ? and message_type = ?  
2018-01-18 11:29:31 [NioProcessor-2] DEBUG c.j.i.m.O.selectById : 
 ==> Parameters: 10001(Integer), 10000(Integer), 2(String) 
2018-01-18 11:29:31 [NioProcessor-2] DEBUG c.j.i.m.O.selectById : 
 <==      Total: 1 
2018-01-18 11:29:31 [NioProcessor-2] DEBUG c.j.i.m.O.selectById : 
 ==>  Preparing: select count( messag_id ) from offline_message where to_id = ? and from_user_id = ? and message_type = ?  
2018-01-18 11:29:31 [NioProcessor-2] DEBUG c.j.i.m.O.selectById : 
 ==> Parameters: 10001(Integer), 10011(Integer), 2(String) 
2018-01-18 11:29:31 [NioProcessor-2] DEBUG c.j.i.m.O.selectById : 
 <==      Total: 1 
2018-01-18 11:29:31 [NioProcessor-2] DEBUG c.j.i.m.O.selectById : 
 ==>  Preparing: select count( messag_id ) from offline_message where to_id = ? and from_user_id = ? and message_type = ?  
2018-01-18 11:29:31 [NioProcessor-2] DEBUG c.j.i.m.O.selectById : 
 ==> Parameters: 10001(Integer), 10022(Integer), 2(String) 
2018-01-18 11:29:31 [NioProcessor-2] DEBUG c.j.i.m.O.selectById : 
 <==      Total: 1 
2018-01-18 11:29:31 [NioProcessor-2] DEBUG c.j.i.m.O.selectById : 
 ==>  Preparing: select count( messag_id ) from offline_message where to_id = ? and from_user_id = ? and message_type = ?  
2018-01-18 11:29:31 [NioProcessor-2] DEBUG c.j.i.m.O.selectById : 
 ==> Parameters: 10001(Integer), 10029(Integer), 2(String) 
2018-01-18 11:29:31 [NioProcessor-2] DEBUG c.j.i.m.O.selectById : 
 <==      Total: 1 
2018-01-18 11:29:45 [http-nio-8080-exec-3] DEBUG c.j.i.m.U.selectByPrimaryKey : 
 ==>  Preparing: select user_id, phone_num, nikname, head_url, age, gender, birth, user_password, motto from user where user_id = ?  
2018-01-18 11:29:45 [http-nio-8080-exec-3] DEBUG c.j.i.m.U.selectByPrimaryKey : 
 ==> Parameters: 10001(Integer) 
2018-01-18 11:29:45 [http-nio-8080-exec-3] DEBUG c.j.i.m.U.selectByPrimaryKey : 
 <==      Total: 1 
2018-01-18 11:29:46 [Thread-27] DEBUG c.j.i.m.HistoryMessageMapper.insert : 
 ==>  Preparing: insert into history_message (message_id, user_from_id, to_id, text_type, text_content, message_type, date) values (?, ?, ?, ?, ?, ?, ?)  
2018-01-18 11:29:46 [Thread-27] DEBUG c.j.i.m.HistoryMessageMapper.insert : 
 ==> Parameters: null, 10001(Integer), 10001(Integer), null, null, 8(Integer), 2018-01-18 11:29:46.0(Timestamp) 
2018-01-18 11:29:46 [Thread-27] DEBUG c.j.i.m.HistoryMessageMapper.insert : 
 <==    Updates: 1 
2018-01-18 11:29:46 [Thread-27] DEBUG c.j.i.m.H.insert!selectKey : 
 ==>  Preparing: SELECT LAST_INSERT_ID()  
2018-01-18 11:29:46 [Thread-27] DEBUG c.j.i.m.H.insert!selectKey : 
 ==> Parameters:  
2018-01-18 11:29:46 [Thread-27] DEBUG c.j.i.m.H.insert!selectKey : 
 <==      Total: 1 
2018-01-18 14:28:35 [restartedMain] INFO  com.jit.imhi.ImhiApplication : 
 Starting ImhiApplication on star-PC with PID 7588 (/home/star/IdeaProjects/imhi/target/classes started by star in /home/star/IdeaProjects/imhi) 
2018-01-18 14:28:35 [restartedMain] DEBUG com.jit.imhi.ImhiApplication : 
 Running with Spring Boot v1.5.9.RELEASE, Spring v4.3.13.RELEASE 
2018-01-18 14:28:35 [restartedMain] INFO  com.jit.imhi.ImhiApplication : 
 No active profile set, falling back to default profiles: default 
2018-01-18 14:28:39 [restartedMain] INFO  com.jit.imhi.ImhiApplication : 
 Started ImhiApplication in 5.019 seconds (JVM running for 6.303) 
2018-01-18 17:22:43 [restartedMain] INFO  com.jit.imhi.ImhiApplication : 
 Starting ImhiApplication on star-PC with PID 13932 (/home/star/IdeaProjects/imhi/target/classes started by star in /home/star/IdeaProjects/imhi) 
2018-01-18 17:22:43 [restartedMain] DEBUG com.jit.imhi.ImhiApplication : 
 Running with Spring Boot v1.5.9.RELEASE, Spring v4.3.13.RELEASE 
2018-01-18 17:22:43 [restartedMain] INFO  com.jit.imhi.ImhiApplication : 
 No active profile set, falling back to default profiles: default 
2018-01-18 17:22:48 [restartedMain] INFO  com.jit.imhi.ImhiApplication : 
 Started ImhiApplication in 5.102 seconds (JVM running for 6.273) 
2018-01-18 17:26:00 [restartedMain] INFO  com.jit.imhi.ImhiApplication : 
 Starting ImhiApplication on star-PC with PID 14261 (/home/star/IdeaProjects/imhi/target/classes started by star in /home/star/IdeaProjects/imhi) 
2018-01-18 17:26:00 [restartedMain] DEBUG com.jit.imhi.ImhiApplication : 
 Running with Spring Boot v1.5.9.RELEASE, Spring v4.3.13.RELEASE 
2018-01-18 17:26:00 [restartedMain] INFO  com.jit.imhi.ImhiApplication : 
 No active profile set, falling back to default profiles: default 
2018-01-18 17:26:03 [restartedMain] INFO  com.jit.imhi.ImhiApplication : 
 Started ImhiApplication in 4.395 seconds (JVM running for 5.187) 
2018-01-18 20:28:12 [restartedMain] INFO  com.jit.imhi.ImhiApplication : 
 Starting ImhiApplication on star-PC with PID 17483 (/home/star/IdeaProjects/imhi/target/classes started by star in /home/star/IdeaProjects/imhi) 
2018-01-18 20:28:12 [restartedMain] DEBUG com.jit.imhi.ImhiApplication : 
 Running with Spring Boot v1.5.9.RELEASE, Spring v4.3.13.RELEASE 
2018-01-18 20:28:12 [restartedMain] INFO  com.jit.imhi.ImhiApplication : 
 No active profile set, falling back to default profiles: default 
2018-01-18 20:28:16 [restartedMain] INFO  com.jit.imhi.ImhiApplication : 
 Started ImhiApplication in 4.556 seconds (JVM running for 5.269) 
2018-01-18 20:46:00 [restartedMain] INFO  com.jit.imhi.ImhiApplication : 
 Starting ImhiApplication on star-PC with PID 18038 (/home/star/IdeaProjects/imhi/target/classes started by star in /home/star/IdeaProjects/imhi) 
2018-01-18 20:46:00 [restartedMain] DEBUG com.jit.imhi.ImhiApplication : 
 Running with Spring Boot v1.5.9.RELEASE, Spring v4.3.13.RELEASE 
2018-01-18 20:46:00 [restartedMain] INFO  com.jit.imhi.ImhiApplication : 
 No active profile set, falling back to default profiles: default 
2018-01-18 20:46:04 [restartedMain] INFO  com.jit.imhi.ImhiApplication : 
 Started ImhiApplication in 4.548 seconds (JVM running for 5.443) 
2018-01-18 20:48:47 [restartedMain] INFO  com.jit.imhi.ImhiApplication : 
 Starting ImhiApplication on star-PC with PID 18218 (/home/star/IdeaProjects/imhi/target/classes started by star in /home/star/IdeaProjects/imhi) 
2018-01-18 20:48:47 [restartedMain] DEBUG com.jit.imhi.ImhiApplication : 
 Running with Spring Boot v1.5.9.RELEASE, Spring v4.3.13.RELEASE 
2018-01-18 20:48:47 [restartedMain] INFO  com.jit.imhi.ImhiApplication : 
 No active profile set, falling back to default profiles: default 
2018-01-18 20:48:51 [restartedMain] INFO  com.jit.imhi.ImhiApplication : 
 Started ImhiApplication in 4.366 seconds (JVM running for 5.293) 
2018-01-18 20:49:18 [http-nio-8080-exec-2] ERROR c.j.i.config.GloablExceptionHandler : 
 java.lang.NullPointerException
	at com.jit.imhi.api.SendSMS.authenSMS(SendSMS.java:47)
	at sun.reflect.NativeMethodAccessorImpl.invoke0(Native Method)
	at sun.reflect.NativeMethodAccessorImpl.invoke(NativeMethodAccessorImpl.java:62)
	at sun.reflect.DelegatingMethodAccessorImpl.invoke(DelegatingMethodAccessorImpl.java:43)
	at java.lang.reflect.Method.invoke(Method.java:498)
	at org.springframework.web.method.support.InvocableHandlerMethod.doInvoke(InvocableHandlerMethod.java:205)
	at org.springframework.web.method.support.InvocableHandlerMethod.invokeForRequest(InvocableHandlerMethod.java:133)
	at org.springframework.web.servlet.mvc.method.annotation.ServletInvocableHandlerMethod.invokeAndHandle(ServletInvocableHandlerMethod.java:97)
	at org.springframework.web.servlet.mvc.method.annotation.RequestMappingHandlerAdapter.invokeHandlerMethod(RequestMappingHandlerAdapter.java:827)
	at org.springframework.web.servlet.mvc.method.annotation.RequestMappingHandlerAdapter.handleInternal(RequestMappingHandlerAdapter.java:738)
	at org.springframework.web.servlet.mvc.method.AbstractHandlerMethodAdapter.handle(AbstractHandlerMethodAdapter.java:85)
	at org.springframework.web.servlet.DispatcherServlet.doDispatch(DispatcherServlet.java:967)
	at org.springframework.web.servlet.DispatcherServlet.doService(DispatcherServlet.java:901)
	at org.springframework.web.servlet.FrameworkServlet.processRequest(FrameworkServlet.java:970)
	at org.springframework.web.servlet.FrameworkServlet.doGet(FrameworkServlet.java:861)
	at javax.servlet.http.HttpServlet.service(HttpServlet.java:635)
	at org.springframework.web.servlet.FrameworkServlet.service(FrameworkServlet.java:846)
	at javax.servlet.http.HttpServlet.service(HttpServlet.java:742)
	at org.apache.catalina.core.ApplicationFilterChain.internalDoFilter(ApplicationFilterChain.java:231)
	at org.apache.catalina.core.ApplicationFilterChain.doFilter(ApplicationFilterChain.java:166)
	at org.apache.tomcat.websocket.server.WsFilter.doFilter(WsFilter.java:52)
	at org.apache.catalina.core.ApplicationFilterChain.internalDoFilter(ApplicationFilterChain.java:193)
	at org.apache.catalina.core.ApplicationFilterChain.doFilter(ApplicationFilterChain.java:166)
	at org.springframework.web.filter.RequestContextFilter.doFilterInternal(RequestContextFilter.java:99)
	at org.springframework.web.filter.OncePerRequestFilter.doFilter(OncePerRequestFilter.java:107)
	at org.apache.catalina.core.ApplicationFilterChain.internalDoFilter(ApplicationFilterChain.java:193)
	at org.apache.catalina.core.ApplicationFilterChain.doFilter(ApplicationFilterChain.java:166)
	at org.springframework.web.filter.HttpPutFormContentFilter.doFilterInternal(HttpPutFormContentFilter.java:108)
	at org.springframework.web.filter.OncePerRequestFilter.doFilter(OncePerRequestFilter.java:107)
	at org.apache.catalina.core.ApplicationFilterChain.internalDoFilter(ApplicationFilterChain.java:193)
	at org.apache.catalina.core.ApplicationFilterChain.doFilter(ApplicationFilterChain.java:166)
	at org.springframework.web.filter.HiddenHttpMethodFilter.doFilterInternal(HiddenHttpMethodFilter.java:81)
	at org.springframework.web.filter.OncePerRequestFilter.doFilter(OncePerRequestFilter.java:107)
	at org.apache.catalina.core.ApplicationFilterChain.internalDoFilter(ApplicationFilterChain.java:193)
	at org.apache.catalina.core.ApplicationFilterChain.doFilter(ApplicationFilterChain.java:166)
	at org.springframework.web.filter.CharacterEncodingFilter.doFilterInternal(CharacterEncodingFilter.java:197)
	at org.springframework.web.filter.OncePerRequestFilter.doFilter(OncePerRequestFilter.java:107)
	at org.apache.catalina.core.ApplicationFilterChain.internalDoFilter(ApplicationFilterChain.java:193)
	at org.apache.catalina.core.ApplicationFilterChain.doFilter(ApplicationFilterChain.java:166)
	at org.apache.catalina.core.StandardWrapperValve.invoke(StandardWrapperValve.java:199)
	at org.apache.catalina.core.StandardContextValve.invoke(StandardContextValve.java:96)
	at org.apache.catalina.authenticator.AuthenticatorBase.invoke(AuthenticatorBase.java:478)
	at org.apache.catalina.core.StandardHostValve.invoke(StandardHostValve.java:140)
	at org.apache.catalina.valves.ErrorReportValve.invoke(ErrorReportValve.java:81)
	at org.apache.catalina.core.StandardEngineValve.invoke(StandardEngineValve.java:87)
	at org.apache.catalina.connector.CoyoteAdapter.service(CoyoteAdapter.java:342)
	at org.apache.coyote.http11.Http11Processor.service(Http11Processor.java:803)
	at org.apache.coyote.AbstractProcessorLight.process(AbstractProcessorLight.java:66)
	at org.apache.coyote.AbstractProtocol$ConnectionHandler.process(AbstractProtocol.java:868)
	at org.apache.tomcat.util.net.NioEndpoint$SocketProcessor.doRun(NioEndpoint.java:1459)
	at org.apache.tomcat.util.net.SocketProcessorBase.run(SocketProcessorBase.java:49)
	at java.util.concurrent.ThreadPoolExecutor.runWorker(ThreadPoolExecutor.java:1149)
	at java.util.concurrent.ThreadPoolExecutor$Worker.run(ThreadPoolExecutor.java:624)
	at org.apache.tomcat.util.threads.TaskThread$WrappingRunnable.run(TaskThread.java:61)
	at java.lang.Thread.run(Thread.java:748)
 
2018-01-18 20:49:29 [restartedMain] INFO  com.jit.imhi.ImhiApplication : 
 Starting ImhiApplication on star-PC with PID 18347 (/home/star/IdeaProjects/imhi/target/classes started by star in /home/star/IdeaProjects/imhi) 
2018-01-18 20:49:29 [restartedMain] DEBUG com.jit.imhi.ImhiApplication : 
 Running with Spring Boot v1.5.9.RELEASE, Spring v4.3.13.RELEASE 
2018-01-18 20:49:29 [restartedMain] INFO  com.jit.imhi.ImhiApplication : 
 No active profile set, falling back to default profiles: default 
2018-01-18 20:49:34 [restartedMain] INFO  com.jit.imhi.ImhiApplication : 
 Started ImhiApplication in 5.966 seconds (JVM running for 7.37) 
2018-01-18 20:49:37 [http-nio-8080-exec-2] ERROR c.j.i.config.GloablExceptionHandler : 
 java.lang.NullPointerException
	at com.jit.imhi.api.SendSMS.authenSMS(SendSMS.java:47)
	at sun.reflect.NativeMethodAccessorImpl.invoke0(Native Method)
	at sun.reflect.NativeMethodAccessorImpl.invoke(NativeMethodAccessorImpl.java:62)
	at sun.reflect.DelegatingMethodAccessorImpl.invoke(DelegatingMethodAccessorImpl.java:43)
	at java.lang.reflect.Method.invoke(Method.java:498)
	at org.springframework.web.method.support.InvocableHandlerMethod.doInvoke(InvocableHandlerMethod.java:205)
	at org.springframework.web.method.support.InvocableHandlerMethod.invokeForRequest(InvocableHandlerMethod.java:133)
	at org.springframework.web.servlet.mvc.method.annotation.ServletInvocableHandlerMethod.invokeAndHandle(ServletInvocableHandlerMethod.java:97)
	at org.springframework.web.servlet.mvc.method.annotation.RequestMappingHandlerAdapter.invokeHandlerMethod(RequestMappingHandlerAdapter.java:827)
	at org.springframework.web.servlet.mvc.method.annotation.RequestMappingHandlerAdapter.handleInternal(RequestMappingHandlerAdapter.java:738)
	at org.springframework.web.servlet.mvc.method.AbstractHandlerMethodAdapter.handle(AbstractHandlerMethodAdapter.java:85)
	at org.springframework.web.servlet.DispatcherServlet.doDispatch(DispatcherServlet.java:967)
	at org.springframework.web.servlet.DispatcherServlet.doService(DispatcherServlet.java:901)
	at org.springframework.web.servlet.FrameworkServlet.processRequest(FrameworkServlet.java:970)
	at org.springframework.web.servlet.FrameworkServlet.doGet(FrameworkServlet.java:861)
	at javax.servlet.http.HttpServlet.service(HttpServlet.java:635)
	at org.springframework.web.servlet.FrameworkServlet.service(FrameworkServlet.java:846)
	at javax.servlet.http.HttpServlet.service(HttpServlet.java:742)
	at org.apache.catalina.core.ApplicationFilterChain.internalDoFilter(ApplicationFilterChain.java:231)
	at org.apache.catalina.core.ApplicationFilterChain.doFilter(ApplicationFilterChain.java:166)
	at org.apache.tomcat.websocket.server.WsFilter.doFilter(WsFilter.java:52)
	at org.apache.catalina.core.ApplicationFilterChain.internalDoFilter(ApplicationFilterChain.java:193)
	at org.apache.catalina.core.ApplicationFilterChain.doFilter(ApplicationFilterChain.java:166)
	at org.springframework.web.filter.RequestContextFilter.doFilterInternal(RequestContextFilter.java:99)
	at org.springframework.web.filter.OncePerRequestFilter.doFilter(OncePerRequestFilter.java:107)
	at org.apache.catalina.core.ApplicationFilterChain.internalDoFilter(ApplicationFilterChain.java:193)
	at org.apache.catalina.core.ApplicationFilterChain.doFilter(ApplicationFilterChain.java:166)
	at org.springframework.web.filter.HttpPutFormContentFilter.doFilterInternal(HttpPutFormContentFilter.java:108)
	at org.springframework.web.filter.OncePerRequestFilter.doFilter(OncePerRequestFilter.java:107)
	at org.apache.catalina.core.ApplicationFilterChain.internalDoFilter(ApplicationFilterChain.java:193)
	at org.apache.catalina.core.ApplicationFilterChain.doFilter(ApplicationFilterChain.java:166)
	at org.springframework.web.filter.HiddenHttpMethodFilter.doFilterInternal(HiddenHttpMethodFilter.java:81)
	at org.springframework.web.filter.OncePerRequestFilter.doFilter(OncePerRequestFilter.java:107)
	at org.apache.catalina.core.ApplicationFilterChain.internalDoFilter(ApplicationFilterChain.java:193)
	at org.apache.catalina.core.ApplicationFilterChain.doFilter(ApplicationFilterChain.java:166)
	at org.springframework.web.filter.CharacterEncodingFilter.doFilterInternal(CharacterEncodingFilter.java:197)
	at org.springframework.web.filter.OncePerRequestFilter.doFilter(OncePerRequestFilter.java:107)
	at org.apache.catalina.core.ApplicationFilterChain.internalDoFilter(ApplicationFilterChain.java:193)
	at org.apache.catalina.core.ApplicationFilterChain.doFilter(ApplicationFilterChain.java:166)
	at org.apache.catalina.core.StandardWrapperValve.invoke(StandardWrapperValve.java:199)
	at org.apache.catalina.core.StandardContextValve.invoke(StandardContextValve.java:96)
	at org.apache.catalina.authenticator.AuthenticatorBase.invoke(AuthenticatorBase.java:478)
	at org.apache.catalina.core.StandardHostValve.invoke(StandardHostValve.java:140)
	at org.apache.catalina.valves.ErrorReportValve.invoke(ErrorReportValve.java:81)
	at org.apache.catalina.core.StandardEngineValve.invoke(StandardEngineValve.java:87)
	at org.apache.catalina.connector.CoyoteAdapter.service(CoyoteAdapter.java:342)
	at org.apache.coyote.http11.Http11Processor.service(Http11Processor.java:803)
	at org.apache.coyote.AbstractProcessorLight.process(AbstractProcessorLight.java:66)
	at org.apache.coyote.AbstractProtocol$ConnectionHandler.process(AbstractProtocol.java:868)
	at org.apache.tomcat.util.net.NioEndpoint$SocketProcessor.doRun(NioEndpoint.java:1459)
	at org.apache.tomcat.util.net.SocketProcessorBase.run(SocketProcessorBase.java:49)
	at java.util.concurrent.ThreadPoolExecutor.runWorker(ThreadPoolExecutor.java:1149)
	at java.util.concurrent.ThreadPoolExecutor$Worker.run(ThreadPoolExecutor.java:624)
	at org.apache.tomcat.util.threads.TaskThread$WrappingRunnable.run(TaskThread.java:61)
	at java.lang.Thread.run(Thread.java:748)
 
2018-01-18 20:51:57 [restartedMain] INFO  com.jit.imhi.ImhiApplication : 
 Starting ImhiApplication on star-PC with PID 18549 (/home/star/IdeaProjects/imhi/target/classes started by star in /home/star/IdeaProjects/imhi) 
2018-01-18 20:51:57 [restartedMain] DEBUG com.jit.imhi.ImhiApplication : 
 Running with Spring Boot v1.5.9.RELEASE, Spring v4.3.13.RELEASE 
2018-01-18 20:51:57 [restartedMain] INFO  com.jit.imhi.ImhiApplication : 
 No active profile set, falling back to default profiles: default 
2018-01-18 20:52:02 [restartedMain] INFO  com.jit.imhi.ImhiApplication : 
 Started ImhiApplication in 4.826 seconds (JVM running for 5.722) 
2018-01-18 20:54:29 [restartedMain] INFO  com.jit.imhi.ImhiApplication : 
 Starting ImhiApplication on star-PC with PID 18740 (/home/star/IdeaProjects/imhi/target/classes started by star in /home/star/IdeaProjects/imhi) 
2018-01-18 20:54:29 [restartedMain] DEBUG com.jit.imhi.ImhiApplication : 
 Running with Spring Boot v1.5.9.RELEASE, Spring v4.3.13.RELEASE 
2018-01-18 20:54:29 [restartedMain] INFO  com.jit.imhi.ImhiApplication : 
 No active profile set, falling back to default profiles: default 
2018-01-18 20:54:33 [restartedMain] INFO  com.jit.imhi.ImhiApplication : 
 Started ImhiApplication in 4.546 seconds (JVM running for 5.451) 
2018-01-18 20:56:22 [restartedMain] INFO  com.jit.imhi.ImhiApplication : 
 Starting ImhiApplication on star-PC with PID 18914 (/home/star/IdeaProjects/imhi/target/classes started by star in /home/star/IdeaProjects/imhi) 
2018-01-18 20:56:22 [restartedMain] DEBUG com.jit.imhi.ImhiApplication : 
 Running with Spring Boot v1.5.9.RELEASE, Spring v4.3.13.RELEASE 
2018-01-18 20:56:22 [restartedMain] INFO  com.jit.imhi.ImhiApplication : 
 No active profile set, falling back to default profiles: default 
2018-01-18 20:56:26 [restartedMain] INFO  com.jit.imhi.ImhiApplication : 
 Started ImhiApplication in 4.633 seconds (JVM running for 5.514) 
2018-01-18 20:58:25 [restartedMain] INFO  com.jit.imhi.ImhiApplication : 
 Starting ImhiApplication on star-PC with PID 19097 (/home/star/IdeaProjects/imhi/target/classes started by star in /home/star/IdeaProjects/imhi) 
2018-01-18 20:58:25 [restartedMain] DEBUG com.jit.imhi.ImhiApplication : 
 Running with Spring Boot v1.5.9.RELEASE, Spring v4.3.13.RELEASE 
2018-01-18 20:58:25 [restartedMain] INFO  com.jit.imhi.ImhiApplication : 
 No active profile set, falling back to default profiles: default 
2018-01-18 20:58:29 [restartedMain] INFO  com.jit.imhi.ImhiApplication : 
 Started ImhiApplication in 4.65 seconds (JVM running for 5.509) 
2018-01-18 20:58:46 [http-nio-8080-exec-2] ERROR c.j.i.config.GloablExceptionHandler : 
 java.lang.NullPointerException
	at com.jit.imhi.api.SendSMSApi.authenSMS(SendSMSApi.java:47)
	at sun.reflect.NativeMethodAccessorImpl.invoke0(Native Method)
	at sun.reflect.NativeMethodAccessorImpl.invoke(NativeMethodAccessorImpl.java:62)
	at sun.reflect.DelegatingMethodAccessorImpl.invoke(DelegatingMethodAccessorImpl.java:43)
	at java.lang.reflect.Method.invoke(Method.java:498)
	at org.springframework.web.method.support.InvocableHandlerMethod.doInvoke(InvocableHandlerMethod.java:205)
	at org.springframework.web.method.support.InvocableHandlerMethod.invokeForRequest(InvocableHandlerMethod.java:133)
	at org.springframework.web.servlet.mvc.method.annotation.ServletInvocableHandlerMethod.invokeAndHandle(ServletInvocableHandlerMethod.java:97)
	at org.springframework.web.servlet.mvc.method.annotation.RequestMappingHandlerAdapter.invokeHandlerMethod(RequestMappingHandlerAdapter.java:827)
	at org.springframework.web.servlet.mvc.method.annotation.RequestMappingHandlerAdapter.handleInternal(RequestMappingHandlerAdapter.java:738)
	at org.springframework.web.servlet.mvc.method.AbstractHandlerMethodAdapter.handle(AbstractHandlerMethodAdapter.java:85)
	at org.springframework.web.servlet.DispatcherServlet.doDispatch(DispatcherServlet.java:967)
	at org.springframework.web.servlet.DispatcherServlet.doService(DispatcherServlet.java:901)
	at org.springframework.web.servlet.FrameworkServlet.processRequest(FrameworkServlet.java:970)
	at org.springframework.web.servlet.FrameworkServlet.doGet(FrameworkServlet.java:861)
	at javax.servlet.http.HttpServlet.service(HttpServlet.java:635)
	at org.springframework.web.servlet.FrameworkServlet.service(FrameworkServlet.java:846)
	at javax.servlet.http.HttpServlet.service(HttpServlet.java:742)
	at org.apache.catalina.core.ApplicationFilterChain.internalDoFilter(ApplicationFilterChain.java:231)
	at org.apache.catalina.core.ApplicationFilterChain.doFilter(ApplicationFilterChain.java:166)
	at org.apache.tomcat.websocket.server.WsFilter.doFilter(WsFilter.java:52)
	at org.apache.catalina.core.ApplicationFilterChain.internalDoFilter(ApplicationFilterChain.java:193)
	at org.apache.catalina.core.ApplicationFilterChain.doFilter(ApplicationFilterChain.java:166)
	at org.springframework.web.filter.RequestContextFilter.doFilterInternal(RequestContextFilter.java:99)
	at org.springframework.web.filter.OncePerRequestFilter.doFilter(OncePerRequestFilter.java:107)
	at org.apache.catalina.core.ApplicationFilterChain.internalDoFilter(ApplicationFilterChain.java:193)
	at org.apache.catalina.core.ApplicationFilterChain.doFilter(ApplicationFilterChain.java:166)
	at org.springframework.web.filter.HttpPutFormContentFilter.doFilterInternal(HttpPutFormContentFilter.java:108)
	at org.springframework.web.filter.OncePerRequestFilter.doFilter(OncePerRequestFilter.java:107)
	at org.apache.catalina.core.ApplicationFilterChain.internalDoFilter(ApplicationFilterChain.java:193)
	at org.apache.catalina.core.ApplicationFilterChain.doFilter(ApplicationFilterChain.java:166)
	at org.springframework.web.filter.HiddenHttpMethodFilter.doFilterInternal(HiddenHttpMethodFilter.java:81)
	at org.springframework.web.filter.OncePerRequestFilter.doFilter(OncePerRequestFilter.java:107)
	at org.apache.catalina.core.ApplicationFilterChain.internalDoFilter(ApplicationFilterChain.java:193)
	at org.apache.catalina.core.ApplicationFilterChain.doFilter(ApplicationFilterChain.java:166)
	at org.springframework.web.filter.CharacterEncodingFilter.doFilterInternal(CharacterEncodingFilter.java:197)
	at org.springframework.web.filter.OncePerRequestFilter.doFilter(OncePerRequestFilter.java:107)
	at org.apache.catalina.core.ApplicationFilterChain.internalDoFilter(ApplicationFilterChain.java:193)
	at org.apache.catalina.core.ApplicationFilterChain.doFilter(ApplicationFilterChain.java:166)
	at org.apache.catalina.core.StandardWrapperValve.invoke(StandardWrapperValve.java:199)
	at org.apache.catalina.core.StandardContextValve.invoke(StandardContextValve.java:96)
	at org.apache.catalina.authenticator.AuthenticatorBase.invoke(AuthenticatorBase.java:478)
	at org.apache.catalina.core.StandardHostValve.invoke(StandardHostValve.java:140)
	at org.apache.catalina.valves.ErrorReportValve.invoke(ErrorReportValve.java:81)
	at org.apache.catalina.core.StandardEngineValve.invoke(StandardEngineValve.java:87)
	at org.apache.catalina.connector.CoyoteAdapter.service(CoyoteAdapter.java:342)
	at org.apache.coyote.http11.Http11Processor.service(Http11Processor.java:803)
	at org.apache.coyote.AbstractProcessorLight.process(AbstractProcessorLight.java:66)
	at org.apache.coyote.AbstractProtocol$ConnectionHandler.process(AbstractProtocol.java:868)
	at org.apache.tomcat.util.net.NioEndpoint$SocketProcessor.doRun(NioEndpoint.java:1459)
	at org.apache.tomcat.util.net.SocketProcessorBase.run(SocketProcessorBase.java:49)
	at java.util.concurrent.ThreadPoolExecutor.runWorker(ThreadPoolExecutor.java:1149)
	at java.util.concurrent.ThreadPoolExecutor$Worker.run(ThreadPoolExecutor.java:624)
	at org.apache.tomcat.util.threads.TaskThread$WrappingRunnable.run(TaskThread.java:61)
	at java.lang.Thread.run(Thread.java:748)
 
2018-01-18 20:59:44 [restartedMain] INFO  com.jit.imhi.ImhiApplication : 
 Starting ImhiApplication on star-PC with PID 19261 (/home/star/IdeaProjects/imhi/target/classes started by star in /home/star/IdeaProjects/imhi) 
2018-01-18 20:59:44 [restartedMain] DEBUG com.jit.imhi.ImhiApplication : 
 Running with Spring Boot v1.5.9.RELEASE, Spring v4.3.13.RELEASE 
2018-01-18 20:59:44 [restartedMain] INFO  com.jit.imhi.ImhiApplication : 
 No active profile set, falling back to default profiles: default 
2018-01-18 20:59:48 [restartedMain] INFO  com.jit.imhi.ImhiApplication : 
 Started ImhiApplication in 4.607 seconds (JVM running for 5.447) 
2018-01-18 21:58:54 [http-nio-8080-exec-10] ERROR c.j.i.config.GloablExceptionHandler : 
 java.lang.NullPointerException
	at com.jit.imhi.api.SendSMSApi.authenSMS(SendSMSApi.java:47)
	at sun.reflect.NativeMethodAccessorImpl.invoke0(Native Method)
	at sun.reflect.NativeMethodAccessorImpl.invoke(NativeMethodAccessorImpl.java:62)
	at sun.reflect.DelegatingMethodAccessorImpl.invoke(DelegatingMethodAccessorImpl.java:43)
	at java.lang.reflect.Method.invoke(Method.java:498)
	at org.springframework.web.method.support.InvocableHandlerMethod.doInvoke(InvocableHandlerMethod.java:205)
	at org.springframework.web.method.support.InvocableHandlerMethod.invokeForRequest(InvocableHandlerMethod.java:133)
	at org.springframework.web.servlet.mvc.method.annotation.ServletInvocableHandlerMethod.invokeAndHandle(ServletInvocableHandlerMethod.java:97)
	at org.springframework.web.servlet.mvc.method.annotation.RequestMappingHandlerAdapter.invokeHandlerMethod(RequestMappingHandlerAdapter.java:827)
	at org.springframework.web.servlet.mvc.method.annotation.RequestMappingHandlerAdapter.handleInternal(RequestMappingHandlerAdapter.java:738)
	at org.springframework.web.servlet.mvc.method.AbstractHandlerMethodAdapter.handle(AbstractHandlerMethodAdapter.java:85)
	at org.springframework.web.servlet.DispatcherServlet.doDispatch(DispatcherServlet.java:967)
	at org.springframework.web.servlet.DispatcherServlet.doService(DispatcherServlet.java:901)
	at org.springframework.web.servlet.FrameworkServlet.processRequest(FrameworkServlet.java:970)
	at org.springframework.web.servlet.FrameworkServlet.doGet(FrameworkServlet.java:861)
	at javax.servlet.http.HttpServlet.service(HttpServlet.java:635)
	at org.springframework.web.servlet.FrameworkServlet.service(FrameworkServlet.java:846)
	at javax.servlet.http.HttpServlet.service(HttpServlet.java:742)
	at org.apache.catalina.core.ApplicationFilterChain.internalDoFilter(ApplicationFilterChain.java:231)
	at org.apache.catalina.core.ApplicationFilterChain.doFilter(ApplicationFilterChain.java:166)
	at org.apache.tomcat.websocket.server.WsFilter.doFilter(WsFilter.java:52)
	at org.apache.catalina.core.ApplicationFilterChain.internalDoFilter(ApplicationFilterChain.java:193)
	at org.apache.catalina.core.ApplicationFilterChain.doFilter(ApplicationFilterChain.java:166)
	at org.springframework.web.filter.RequestContextFilter.doFilterInternal(RequestContextFilter.java:99)
	at org.springframework.web.filter.OncePerRequestFilter.doFilter(OncePerRequestFilter.java:107)
	at org.apache.catalina.core.ApplicationFilterChain.internalDoFilter(ApplicationFilterChain.java:193)
	at org.apache.catalina.core.ApplicationFilterChain.doFilter(ApplicationFilterChain.java:166)
	at org.springframework.web.filter.HttpPutFormContentFilter.doFilterInternal(HttpPutFormContentFilter.java:108)
	at org.springframework.web.filter.OncePerRequestFilter.doFilter(OncePerRequestFilter.java:107)
	at org.apache.catalina.core.ApplicationFilterChain.internalDoFilter(ApplicationFilterChain.java:193)
	at org.apache.catalina.core.ApplicationFilterChain.doFilter(ApplicationFilterChain.java:166)
	at org.springframework.web.filter.HiddenHttpMethodFilter.doFilterInternal(HiddenHttpMethodFilter.java:81)
	at org.springframework.web.filter.OncePerRequestFilter.doFilter(OncePerRequestFilter.java:107)
	at org.apache.catalina.core.ApplicationFilterChain.internalDoFilter(ApplicationFilterChain.java:193)
	at org.apache.catalina.core.ApplicationFilterChain.doFilter(ApplicationFilterChain.java:166)
	at org.springframework.web.filter.CharacterEncodingFilter.doFilterInternal(CharacterEncodingFilter.java:197)
	at org.springframework.web.filter.OncePerRequestFilter.doFilter(OncePerRequestFilter.java:107)
	at org.apache.catalina.core.ApplicationFilterChain.internalDoFilter(ApplicationFilterChain.java:193)
	at org.apache.catalina.core.ApplicationFilterChain.doFilter(ApplicationFilterChain.java:166)
	at org.apache.catalina.core.StandardWrapperValve.invoke(StandardWrapperValve.java:199)
	at org.apache.catalina.core.StandardContextValve.invoke(StandardContextValve.java:96)
	at org.apache.catalina.authenticator.AuthenticatorBase.invoke(AuthenticatorBase.java:478)
	at org.apache.catalina.core.StandardHostValve.invoke(StandardHostValve.java:140)
	at org.apache.catalina.valves.ErrorReportValve.invoke(ErrorReportValve.java:81)
	at org.apache.catalina.core.StandardEngineValve.invoke(StandardEngineValve.java:87)
	at org.apache.catalina.connector.CoyoteAdapter.service(CoyoteAdapter.java:342)
	at org.apache.coyote.http11.Http11Processor.service(Http11Processor.java:803)
	at org.apache.coyote.AbstractProcessorLight.process(AbstractProcessorLight.java:66)
	at org.apache.coyote.AbstractProtocol$ConnectionHandler.process(AbstractProtocol.java:868)
	at org.apache.tomcat.util.net.NioEndpoint$SocketProcessor.doRun(NioEndpoint.java:1459)
	at org.apache.tomcat.util.net.SocketProcessorBase.run(SocketProcessorBase.java:49)
	at java.util.concurrent.ThreadPoolExecutor.runWorker(ThreadPoolExecutor.java:1149)
	at java.util.concurrent.ThreadPoolExecutor$Worker.run(ThreadPoolExecutor.java:624)
	at org.apache.tomcat.util.threads.TaskThread$WrappingRunnable.run(TaskThread.java:61)
	at java.lang.Thread.run(Thread.java:748)
 
2018-01-18 22:00:01 [http-nio-8080-exec-3] ERROR c.j.i.config.GloablExceptionHandler : 
 java.lang.NullPointerException
	at com.jit.imhi.api.SendSMSApi.authenSMS(SendSMSApi.java:47)
	at sun.reflect.NativeMethodAccessorImpl.invoke0(Native Method)
	at sun.reflect.NativeMethodAccessorImpl.invoke(NativeMethodAccessorImpl.java:62)
	at sun.reflect.DelegatingMethodAccessorImpl.invoke(DelegatingMethodAccessorImpl.java:43)
	at java.lang.reflect.Method.invoke(Method.java:498)
	at org.springframework.web.method.support.InvocableHandlerMethod.doInvoke(InvocableHandlerMethod.java:205)
	at org.springframework.web.method.support.InvocableHandlerMethod.invokeForRequest(InvocableHandlerMethod.java:133)
	at org.springframework.web.servlet.mvc.method.annotation.ServletInvocableHandlerMethod.invokeAndHandle(ServletInvocableHandlerMethod.java:97)
	at org.springframework.web.servlet.mvc.method.annotation.RequestMappingHandlerAdapter.invokeHandlerMethod(RequestMappingHandlerAdapter.java:827)
	at org.springframework.web.servlet.mvc.method.annotation.RequestMappingHandlerAdapter.handleInternal(RequestMappingHandlerAdapter.java:738)
	at org.springframework.web.servlet.mvc.method.AbstractHandlerMethodAdapter.handle(AbstractHandlerMethodAdapter.java:85)
	at org.springframework.web.servlet.DispatcherServlet.doDispatch(DispatcherServlet.java:967)
	at org.springframework.web.servlet.DispatcherServlet.doService(DispatcherServlet.java:901)
	at org.springframework.web.servlet.FrameworkServlet.processRequest(FrameworkServlet.java:970)
	at org.springframework.web.servlet.FrameworkServlet.doGet(FrameworkServlet.java:861)
	at javax.servlet.http.HttpServlet.service(HttpServlet.java:635)
	at org.springframework.web.servlet.FrameworkServlet.service(FrameworkServlet.java:846)
	at javax.servlet.http.HttpServlet.service(HttpServlet.java:742)
	at org.apache.catalina.core.ApplicationFilterChain.internalDoFilter(ApplicationFilterChain.java:231)
	at org.apache.catalina.core.ApplicationFilterChain.doFilter(ApplicationFilterChain.java:166)
	at org.apache.tomcat.websocket.server.WsFilter.doFilter(WsFilter.java:52)
	at org.apache.catalina.core.ApplicationFilterChain.internalDoFilter(ApplicationFilterChain.java:193)
	at org.apache.catalina.core.ApplicationFilterChain.doFilter(ApplicationFilterChain.java:166)
	at org.springframework.web.filter.RequestContextFilter.doFilterInternal(RequestContextFilter.java:99)
	at org.springframework.web.filter.OncePerRequestFilter.doFilter(OncePerRequestFilter.java:107)
	at org.apache.catalina.core.ApplicationFilterChain.internalDoFilter(ApplicationFilterChain.java:193)
	at org.apache.catalina.core.ApplicationFilterChain.doFilter(ApplicationFilterChain.java:166)
	at org.springframework.web.filter.HttpPutFormContentFilter.doFilterInternal(HttpPutFormContentFilter.java:108)
	at org.springframework.web.filter.OncePerRequestFilter.doFilter(OncePerRequestFilter.java:107)
	at org.apache.catalina.core.ApplicationFilterChain.internalDoFilter(ApplicationFilterChain.java:193)
	at org.apache.catalina.core.ApplicationFilterChain.doFilter(ApplicationFilterChain.java:166)
	at org.springframework.web.filter.HiddenHttpMethodFilter.doFilterInternal(HiddenHttpMethodFilter.java:81)
	at org.springframework.web.filter.OncePerRequestFilter.doFilter(OncePerRequestFilter.java:107)
	at org.apache.catalina.core.ApplicationFilterChain.internalDoFilter(ApplicationFilterChain.java:193)
	at org.apache.catalina.core.ApplicationFilterChain.doFilter(ApplicationFilterChain.java:166)
	at org.springframework.web.filter.CharacterEncodingFilter.doFilterInternal(CharacterEncodingFilter.java:197)
	at org.springframework.web.filter.OncePerRequestFilter.doFilter(OncePerRequestFilter.java:107)
	at org.apache.catalina.core.ApplicationFilterChain.internalDoFilter(ApplicationFilterChain.java:193)
	at org.apache.catalina.core.ApplicationFilterChain.doFilter(ApplicationFilterChain.java:166)
	at org.apache.catalina.core.StandardWrapperValve.invoke(StandardWrapperValve.java:199)
	at org.apache.catalina.core.StandardContextValve.invoke(StandardContextValve.java:96)
	at org.apache.catalina.authenticator.AuthenticatorBase.invoke(AuthenticatorBase.java:478)
	at org.apache.catalina.core.StandardHostValve.invoke(StandardHostValve.java:140)
	at org.apache.catalina.valves.ErrorReportValve.invoke(ErrorReportValve.java:81)
	at org.apache.catalina.core.StandardEngineValve.invoke(StandardEngineValve.java:87)
	at org.apache.catalina.connector.CoyoteAdapter.service(CoyoteAdapter.java:342)
	at org.apache.coyote.http11.Http11Processor.service(Http11Processor.java:803)
	at org.apache.coyote.AbstractProcessorLight.process(AbstractProcessorLight.java:66)
	at org.apache.coyote.AbstractProtocol$ConnectionHandler.process(AbstractProtocol.java:868)
	at org.apache.tomcat.util.net.NioEndpoint$SocketProcessor.doRun(NioEndpoint.java:1459)
	at org.apache.tomcat.util.net.SocketProcessorBase.run(SocketProcessorBase.java:49)
	at java.util.concurrent.ThreadPoolExecutor.runWorker(ThreadPoolExecutor.java:1149)
	at java.util.concurrent.ThreadPoolExecutor$Worker.run(ThreadPoolExecutor.java:624)
	at org.apache.tomcat.util.threads.TaskThread$WrappingRunnable.run(TaskThread.java:61)
	at java.lang.Thread.run(Thread.java:748)
 
2018-01-18 22:05:33 [restartedMain] INFO  com.jit.imhi.ImhiApplication : 
 Starting ImhiApplication on star-PC with PID 20385 (/home/star/IdeaProjects/imhi/target/classes started by star in /home/star/IdeaProjects/imhi) 
2018-01-18 22:05:33 [restartedMain] DEBUG com.jit.imhi.ImhiApplication : 
 Running with Spring Boot v1.5.9.RELEASE, Spring v4.3.13.RELEASE 
2018-01-18 22:05:33 [restartedMain] INFO  com.jit.imhi.ImhiApplication : 
 No active profile set, falling back to default profiles: default 
2018-01-18 22:05:37 [restartedMain] INFO  com.jit.imhi.ImhiApplication : 
 Started ImhiApplication in 4.476 seconds (JVM running for 5.389) 
2018-01-18 22:23:43 [restartedMain] INFO  com.jit.imhi.ImhiApplication : 
 Starting ImhiApplication on star-PC with PID 20747 (/home/star/IdeaProjects/imhi/target/classes started by star in /home/star/IdeaProjects/imhi) 
2018-01-18 22:23:43 [restartedMain] DEBUG com.jit.imhi.ImhiApplication : 
 Running with Spring Boot v1.5.9.RELEASE, Spring v4.3.13.RELEASE 
2018-01-18 22:23:43 [restartedMain] INFO  com.jit.imhi.ImhiApplication : 
 No active profile set, falling back to default profiles: default 
2018-01-18 22:23:47 [restartedMain] INFO  com.jit.imhi.ImhiApplication : 
 Started ImhiApplication in 4.373 seconds (JVM running for 5.29) 
2018-01-18 22:25:09 [restartedMain] INFO  com.jit.imhi.ImhiApplication : 
 Starting ImhiApplication on star-PC with PID 20904 (/home/star/IdeaProjects/imhi/target/classes started by star in /home/star/IdeaProjects/imhi) 
2018-01-18 22:25:09 [restartedMain] DEBUG com.jit.imhi.ImhiApplication : 
 Running with Spring Boot v1.5.9.RELEASE, Spring v4.3.13.RELEASE 
2018-01-18 22:25:09 [restartedMain] INFO  com.jit.imhi.ImhiApplication : 
 No active profile set, falling back to default profiles: default 
2018-01-18 22:25:13 [restartedMain] INFO  com.jit.imhi.ImhiApplication : 
 Started ImhiApplication in 4.526 seconds (JVM running for 5.486) 
2018-01-18 22:26:31 [restartedMain] INFO  com.jit.imhi.ImhiApplication : 
 Starting ImhiApplication on star-PC with PID 21072 (/home/star/IdeaProjects/imhi/target/classes started by star in /home/star/IdeaProjects/imhi) 
2018-01-18 22:26:31 [restartedMain] DEBUG com.jit.imhi.ImhiApplication : 
 Running with Spring Boot v1.5.9.RELEASE, Spring v4.3.13.RELEASE 
2018-01-18 22:26:31 [restartedMain] INFO  com.jit.imhi.ImhiApplication : 
 No active profile set, falling back to default profiles: default 
2018-01-18 22:26:35 [restartedMain] INFO  com.jit.imhi.ImhiApplication : 
 Started ImhiApplication in 4.16 seconds (JVM running for 4.982) 
2018-01-18 22:29:36 [restartedMain] INFO  com.jit.imhi.ImhiApplication : 
 Starting ImhiApplication on star-PC with PID 21286 (/home/star/IdeaProjects/imhi/target/classes started by star in /home/star/IdeaProjects/imhi) 
2018-01-18 22:29:36 [restartedMain] DEBUG com.jit.imhi.ImhiApplication : 
 Running with Spring Boot v1.5.9.RELEASE, Spring v4.3.13.RELEASE 
2018-01-18 22:29:36 [restartedMain] INFO  com.jit.imhi.ImhiApplication : 
 No active profile set, falling back to default profiles: default 
2018-01-18 22:29:40 [restartedMain] INFO  com.jit.imhi.ImhiApplication : 
 Started ImhiApplication in 4.32 seconds (JVM running for 5.193) 
